Using pre-set license
Built from '2020.3/release' branch; Version is '2020.3.2f1 (8fd9074bf66c) revision 9427207'; Using compiler version '192528614'; Build Type 'Release'
OS: 'Windows 10 Pro; OS build 18363.1256; Version 1909; 64bit' Language: 'es' Physical Memory: 7094 MB
BatchMode: 1, IsHumanControllingUs: 0, StartBugReporterOnCrash: 0, Is64bit: 1, IsPro: 0

 COMMAND LINE ARGUMENTS:
C:\Program Files\Unity\Hub\Editor\2020.3.2f1\Editor\Unity.exe
-adb2
-batchMode
-noUpm
-name
AssetImportWorker1
-projectPath
C:/Users/elfue/OneDrive/Documentos/GitHub/Epic-Wheel
-logFile
Logs/AssetImportWorker1.log
-srvPort
55208
Successfully changed project path to: C:/Users/elfue/OneDrive/Documentos/GitHub/Epic-Wheel
C:/Users/elfue/OneDrive/Documentos/GitHub/Epic-Wheel
Using Asset Import Pipeline V2.
Refreshing native plugins compatible for Editor in 61.24 ms, found 0 plugins.
Preloading 0 native plugins for Editor in 0.00 ms.
Initialize engine version: 2020.3.2f1 (8fd9074bf66c)
[Subsystems] Discovering subsystems at path C:/Program Files/Unity/Hub/Editor/2020.3.2f1/Editor/Data/Resources/UnitySubsystems
[Subsystems] Discovering subsystems at path C:/Users/elfue/OneDrive/Documentos/GitHub/Epic-Wheel/Assets
GfxDevice: creating device client; threaded=0
Direct3D:
    Version:  Direct3D 11.0 [level 11.1]
    Renderer: AMD Radeon(TM) Vega 8 Graphics (ID=0x15dd)
    Vendor:   
    VRAM:     3547 MB
    Driver:   27.20.12033.1007
Initialize mono
Mono path[0] = 'C:/Program Files/Unity/Hub/Editor/2020.3.2f1/Editor/Data/Managed'
Mono path[1] = 'C:/Program Files/Unity/Hub/Editor/2020.3.2f1/Editor/Data/MonoBleedingEdge/lib/mono/unityjit'
Mono config path = 'C:/Program Files/Unity/Hub/Editor/2020.3.2f1/Editor/Data/MonoBleedingEdge/etc'
Using monoOptions --debugger-agent=transport=dt_socket,embedding=1,server=y,suspend=n,address=127.0.0.1:56936
Begin MonoManager ReloadAssembly
Registering precompiled unity dll's ...
Register platform support module: C:/Program Files/Unity/Hub/Editor/2020.3.2f1/Editor/Data/PlaybackEngines/WebGLSupport/UnityEditor.WebGL.Extensions.dll
Register platform support module: C:/Program Files/Unity/Hub/Editor/2020.3.2f1/Editor/Data/PlaybackEngines/WindowsStandaloneSupport/UnityEditor.WindowsStandalone.Extensions.dll
Registered in 0.005613 seconds.
Native extension for WindowsStandalone target not found
Native extension for WebGL target not found
Refreshing native plugins compatible for Editor in 38.28 ms, found 0 plugins.
Preloading 0 native plugins for Editor in 0.00 ms.
Invoked RoslynAnalysisRunner static constructor.
RoslynAnalysisRunner will not be running.
RoslynAnalysisRunner has terminated.
Mono: successfully reloaded assembly
- Completed reload, in  2.959 seconds
Platform modules already initialized, skipping
Registering precompiled user dll's ...
Registered in 0.002201 seconds.
Begin MonoManager ReloadAssembly
Native extension for WindowsStandalone target not found
Native extension for WebGL target not found
Refreshing native plugins compatible for Editor in 0.39 ms, found 0 plugins.
Preloading 0 native plugins for Editor in 0.00 ms.
Invoked RoslynAnalysisRunner static constructor.
RoslynAnalysisRunner will not be running.
RoslynAnalysisRunner has terminated.
Mono: successfully reloaded assembly
- Completed reload, in  4.380 seconds
Platform modules already initialized, skipping
========================================================================
Worker process is ready to serve import requests
Launched and connected shader compiler UnityShaderCompiler.exe after 0.39 seconds
Refreshing native plugins compatible for Editor in 0.40 ms, found 0 plugins.
Preloading 0 native plugins for Editor in 0.00 ms.
Unloading 1122 Unused Serialized files (Serialized files now loaded: 0)
System memory in use before: 57.4 MB.
System memory in use after: 57.5 MB.

Unloading 9 unused Assets to reduce memory usage. Loaded Objects now: 1567.
Total: 4.982100 ms (FindLiveObjects: 0.227000 ms CreateObjectMapping: 0.051700 ms MarkObjects: 4.552700 ms  DeleteObjects: 0.146800 ms)

========================================================================
Received Import Request.
  path: Assets/Decoracion/palmera/AlexandraPalmTree_BaseColor.png
  artifactKey: Guid(37734064442fc394aa019ed292074e34) Importer(815301076,1909f56bfc062723c751e8b465ee728b)
Start importing Assets/Decoracion/palmera/AlexandraPalmTree_BaseColor.png using Guid(37734064442fc394aa019ed292074e34) Importer(815301076,1909f56bfc062723c751e8b465ee728b)  -> (artifact id: '1d40d2825828f419ad4de9e9a97ac7e1') in 0.570019 seconds
  Import took 0.592071 seconds .

========================================================================
Received Import Request.
  Time since last request: 2243.456989 seconds.
  path: Assets/Sonidos/Coins.wav
  artifactKey: Guid(479e0d5f2161fef4fb33264229217c18) Importer(815301076,1909f56bfc062723c751e8b465ee728b)
Start importing Assets/Sonidos/Coins.wav using Guid(479e0d5f2161fef4fb33264229217c18) Importer(815301076,1909f56bfc062723c751e8b465ee728b)  -> (artifact id: 'bb1e2a941cd4ecaa1990bb40cf65a62c') in 0.611442 seconds
  Import took 0.729340 seconds .

========================================================================
Received Import Request.
  Time since last request: 0.000325 seconds.
  path: Assets/Sonidos/pierde vida.wav
  artifactKey: Guid(616de9b607c27e145b97b4cdeaca55e4) Importer(815301076,1909f56bfc062723c751e8b465ee728b)
Start importing Assets/Sonidos/pierde vida.wav using Guid(616de9b607c27e145b97b4cdeaca55e4) Importer(815301076,1909f56bfc062723c751e8b465ee728b)  -> (artifact id: '4eb2e802e37303f5c3f61568498264d7') in 0.160114 seconds
  Import took 0.223037 seconds .

========================================================================
Received Import Request.
  Time since last request: 0.000249 seconds.
  path: Assets/Sonidos/Rueda.mp3
  artifactKey: Guid(ad5b20357e960f84882106da603f0bdc) Importer(815301076,1909f56bfc062723c751e8b465ee728b)
Start importing Assets/Sonidos/Rueda.mp3 using Guid(ad5b20357e960f84882106da603f0bdc) Importer(815301076,1909f56bfc062723c751e8b465ee728b)  -> (artifact id: 'c34aaaa82f741b2081d3cf50353e64c2') in 0.131822 seconds
  Import took 0.164854 seconds .

========================================================================
Received Import Request.
  Time since last request: 0.000223 seconds.
  path: Assets/Sonidos/Fondo.wav
  artifactKey: Guid(375506ede539b0843848f1738569a0eb) Importer(815301076,1909f56bfc062723c751e8b465ee728b)
Start importing Assets/Sonidos/Fondo.wav using Guid(375506ede539b0843848f1738569a0eb) Importer(815301076,1909f56bfc062723c751e8b465ee728b)  -> (artifact id: '6d908e0e036b47184e4d2aa7634f9f8c') in 0.063564 seconds
  Import took 0.086525 seconds .

========================================================================
Received Import Request.
  Time since last request: 1358.217994 seconds.
  path: Assets/Decoracion/Dino/Dino.obj
  artifactKey: Guid(da011d61196a5594da1873e7c247006f) Importer(815301076,1909f56bfc062723c751e8b465ee728b)
Start importing Assets/Decoracion/Dino/Dino.obj using Guid(da011d61196a5594da1873e7c247006f) Importer(815301076,1909f56bfc062723c751e8b465ee728b)  -> (artifact id: '724d3edbbabdef579d24ce9f415248b8') in 0.208154 seconds
  Import took 0.221060 seconds .

========================================================================
Received Prepare
Registering precompiled user dll's ...
Registered in 0.001080 seconds.
Begin MonoManager ReloadAssembly
Native extension for WindowsStandalone target not found
Native extension for WebGL target not found
Refreshing native plugins compatible for Editor in 0.24 ms, found 0 plugins.
Preloading 0 native plugins for Editor in 0.00 ms.
Invoked RoslynAnalysisRunner static constructor.
RoslynAnalysisRunner will not be running.
RoslynAnalysisRunner has terminated.
Mono: successfully reloaded assembly
- Completed reload, in  1.252 seconds
Platform modules already initialized, skipping
Refreshing native plugins compatible for Editor in 0.51 ms, found 0 plugins.
Preloading 0 native plugins for Editor in 0.00 ms.
Unloading 1116 Unused Serialized files (Serialized files now loaded: 0)
System memory in use before: 60.7 MB.
System memory in use after: 60.8 MB.

Unloading 4 unused Assets to reduce memory usage. Loaded Objects now: 1616.
Total: 2.599600 ms (FindLiveObjects: 0.257700 ms CreateObjectMapping: 0.035700 ms MarkObjects: 2.279300 ms  DeleteObjects: 0.020100 ms)

========================================================================
Received Prepare
Registering precompiled user dll's ...
Registered in 0.000968 seconds.
Begin MonoManager ReloadAssembly
Native extension for WindowsStandalone target not found
Native extension for WebGL target not found
Refreshing native plugins compatible for Editor in 0.30 ms, found 0 plugins.
Preloading 0 native plugins for Editor in 0.00 ms.
Invoked RoslynAnalysisRunner static constructor.
RoslynAnalysisRunner will not be running.
RoslynAnalysisRunner has terminated.
Mono: successfully reloaded assembly
- Completed reload, in  1.267 seconds
Platform modules already initialized, skipping
Refreshing native plugins compatible for Editor in 0.26 ms, found 0 plugins.
Preloading 0 native plugins for Editor in 0.00 ms.
Unloading 1116 Unused Serialized files (Serialized files now loaded: 0)
System memory in use before: 60.8 MB.
System memory in use after: 60.9 MB.

Unloading 4 unused Assets to reduce memory usage. Loaded Objects now: 1619.
Total: 1.974700 ms (FindLiveObjects: 0.188200 ms CreateObjectMapping: 0.034900 ms MarkObjects: 1.730600 ms  DeleteObjects: 0.019600 ms)

========================================================================
Received Import Request.
  Time since last request: 812.197330 seconds.
  path: Assets/Scripts
  artifactKey: Guid(5ea6658cd1a938641b55086011322f24) Importer(815301076,1909f56bfc062723c751e8b465ee728b)
Start importing Assets/Scripts using Guid(5ea6658cd1a938641b55086011322f24) Importer(815301076,1909f56bfc062723c751e8b465ee728b)  -> (artifact id: '89bc91460e184f6a3a7cc0fb8878e116') in 0.012503 seconds
  Import took 0.037089 seconds .

========================================================================
Received Prepare
Registering precompiled user dll's ...
Registered in 0.001159 seconds.
Begin MonoManager ReloadAssembly
Native extension for WindowsStandalone target not found
Native extension for WebGL target not found
Refreshing native plugins compatible for Editor in 0.30 ms, found 0 plugins.
Preloading 0 native plugins for Editor in 0.00 ms.
Invoked RoslynAnalysisRunner static constructor.
RoslynAnalysisRunner will not be running.
RoslynAnalysisRunner has terminated.
Mono: successfully reloaded assembly
- Completed reload, in  1.124 seconds
Platform modules already initialized, skipping
Refreshing native plugins compatible for Editor in 0.27 ms, found 0 plugins.
Preloading 0 native plugins for Editor in 0.00 ms.
Unloading 1117 Unused Serialized files (Serialized files now loaded: 0)
System memory in use before: 60.8 MB.
System memory in use after: 60.9 MB.

Unloading 4 unused Assets to reduce memory usage. Loaded Objects now: 1623.
Total: 2.016200 ms (FindLiveObjects: 0.282800 ms CreateObjectMapping: 0.038800 ms MarkObjects: 1.675900 ms  DeleteObjects: 0.017200 ms)

========================================================================
Received Import Request.
  Time since last request: 20.067034 seconds.
  path: Assets/Scripts/MonedaControlador.cs
  artifactKey: Guid(0a1f2116bce253d44b5709407c89c9df) Importer(815301076,1909f56bfc062723c751e8b465ee728b)
Start importing Assets/Scripts/MonedaControlador.cs using Guid(0a1f2116bce253d44b5709407c89c9df) Importer(815301076,1909f56bfc062723c751e8b465ee728b)  -> (artifact id: '7b54f03ec291d3807711b77219578e7d') in 0.064236 seconds
  Import took 0.083855 seconds .

========================================================================
Received Prepare
Registering precompiled user dll's ...
Registered in 0.000953 seconds.
Begin MonoManager ReloadAssembly
Native extension for WindowsStandalone target not found
Native extension for WebGL target not found
Refreshing native plugins compatible for Editor in 0.32 ms, found 0 plugins.
Preloading 0 native plugins for Editor in 0.00 ms.
Invoked RoslynAnalysisRunner static constructor.
RoslynAnalysisRunner will not be running.
RoslynAnalysisRunner has terminated.
Mono: successfully reloaded assembly
- Completed reload, in  2.096 seconds
Platform modules already initialized, skipping
Refreshing native plugins compatible for Editor in 0.52 ms, found 0 plugins.
Preloading 0 native plugins for Editor in 0.00 ms.
Unloading 1117 Unused Serialized files (Serialized files now loaded: 0)
System memory in use before: 60.8 MB.
System memory in use after: 60.9 MB.

Unloading 4 unused Assets to reduce memory usage. Loaded Objects now: 1626.
Total: 5.281300 ms (FindLiveObjects: 0.293300 ms CreateObjectMapping: 0.065300 ms MarkObjects: 4.884300 ms  DeleteObjects: 0.034900 ms)

========================================================================
Received Prepare
Registering precompiled user dll's ...
Registered in 0.001184 seconds.
Begin MonoManager ReloadAssembly
Native extension for WindowsStandalone target not found
Native extension for WebGL target not found
Refreshing native plugins compatible for Editor in 0.28 ms, found 0 plugins.
Preloading 0 native plugins for Editor in 0.00 ms.
Invoked RoslynAnalysisRunner static constructor.
RoslynAnalysisRunner will not be running.
RoslynAnalysisRunner has terminated.
Mono: successfully reloaded assembly
- Completed reload, in  1.145 seconds
Platform modules already initialized, skipping
Refreshing native plugins compatible for Editor in 0.43 ms, found 0 plugins.
Preloading 0 native plugins for Editor in 0.00 ms.
Unloading 1117 Unused Serialized files (Serialized files now loaded: 0)
System memory in use before: 60.8 MB.
System memory in use after: 60.9 MB.

Unloading 4 unused Assets to reduce memory usage. Loaded Objects now: 1629.
Total: 2.514100 ms (FindLiveObjects: 0.206900 ms CreateObjectMapping: 0.074200 ms MarkObjects: 2.211700 ms  DeleteObjects: 0.018900 ms)

========================================================================
Received Import Request.
  Time since last request: 444.351183 seconds.
  path: Assets/Decoracion/Dinosaurio
  artifactKey: Guid(401c0582ecf215941beef132f62687a7) Importer(815301076,1909f56bfc062723c751e8b465ee728b)
Start importing Assets/Decoracion/Dinosaurio using Guid(401c0582ecf215941beef132f62687a7) Importer(815301076,1909f56bfc062723c751e8b465ee728b)  -> (artifact id: 'c9d93d5afb2f969cf87ee9ceea1879b0') in 0.023755 seconds
  Import took 0.042331 seconds .

========================================================================
Received Import Request.
  Time since last request: 1.969711 seconds.
  path: Assets/Decoracion/Dinosaurio/Tex_Dinosaur.png
  artifactKey: Guid(3b14619ca509f2e43b1d050ef0b45e68) Importer(815301076,1909f56bfc062723c751e8b465ee728b)
Start importing Assets/Decoracion/Dinosaurio/Tex_Dinosaur.png using Guid(3b14619ca509f2e43b1d050ef0b45e68) Importer(815301076,1909f56bfc062723c751e8b465ee728b)  -> (artifact id: 'fddbc0a1bb6c8a18f3fdcec6eb241581') in 0.155876 seconds
  Import took 0.174763 seconds .

========================================================================
Received Import Request.
  Time since last request: 103.929374 seconds.
  path: Assets/Materiales
  artifactKey: Guid(356d70f6a429f6d41978ffffb3652d73) Importer(815301076,1909f56bfc062723c751e8b465ee728b)
Start importing Assets/Materiales using Guid(356d70f6a429f6d41978ffffb3652d73) Importer(815301076,1909f56bfc062723c751e8b465ee728b)  -> (artifact id: '3f8e73498f74f9b2705f394a0b742160') in 0.015375 seconds
  Import took 0.026798 seconds .

========================================================================
Received Import Request.
  Time since last request: 10.531999 seconds.
  path: Assets/Materiales/Cesped.mat
  artifactKey: Guid(809c436ab635cca49b149f8a7b120052) Importer(815301076,1909f56bfc062723c751e8b465ee728b)
Start importing Assets/Materiales/Cesped.mat using Guid(809c436ab635cca49b149f8a7b120052) Importer(815301076,1909f56bfc062723c751e8b465ee728b)  -> (artifact id: '0e1172da328d8dd377f456598b23f03f') in 0.112300 seconds
  Import took 0.130100 seconds .

========================================================================
Received Import Request.
  Time since last request: 64.109028 seconds.
  path: Assets/Decoracion/palmera
  artifactKey: Guid(4fa9beff92e03fe4781ad361aa6bb0e9) Importer(815301076,1909f56bfc062723c751e8b465ee728b)
Start importing Assets/Decoracion/palmera using Guid(4fa9beff92e03fe4781ad361aa6bb0e9) Importer(815301076,1909f56bfc062723c751e8b465ee728b)  -> (artifact id: '5bd317fdba1c0accd2bd1b80aa6e482a') in 0.016349 seconds
  Import took 0.025277 seconds .

========================================================================
Received Import Request.
  Time since last request: 2393.132000 seconds.
  path: Assets/Materiales/Materials
  artifactKey: Guid(452a1f2fd56e4be409aa5c1ff320d41b) Importer(815301076,1909f56bfc062723c751e8b465ee728b)
Start importing Assets/Materiales/Materials using Guid(452a1f2fd56e4be409aa5c1ff320d41b) Importer(815301076,1909f56bfc062723c751e8b465ee728b)  -> (artifact id: '94a7d07705527dbe12d595ca663229e8') in 0.014097 seconds
  Import took 0.085522 seconds .

========================================================================
Received Import Request.
  Time since last request: 645.310374 seconds.
  path: Assets/Decoracion/T-rex/Tex_Dinosaur.png
  artifactKey: Guid(a0518f919db48984e8948d7ffd0bdf49) Importer(815301076,1909f56bfc062723c751e8b465ee728b)
Start importing Assets/Decoracion/T-rex/Tex_Dinosaur.png using Guid(a0518f919db48984e8948d7ffd0bdf49) Importer(815301076,1909f56bfc062723c751e8b465ee728b)  -> (artifact id: 'ded21fd7c8ea4622a7f7b8f1dfd0da57') in 0.131291 seconds
  Import took 0.159663 seconds .

========================================================================
Received Import Request.
  Time since last request: 72.614352 seconds.
  path: Assets/Decoracion/tronco
  artifactKey: Guid(7d27bd37bf0ad344699c941d0ab7cad8) Importer(815301076,1909f56bfc062723c751e8b465ee728b)
Start importing Assets/Decoracion/tronco using Guid(7d27bd37bf0ad344699c941d0ab7cad8) Importer(815301076,1909f56bfc062723c751e8b465ee728b)  -> (artifact id: 'b94a00fa22045375025cad4dea194a2a') in 0.041411 seconds
  Import took 0.046830 seconds .

========================================================================
Received Import Request.
  Time since last request: 0.068503 seconds.
  path: Assets/Decoracion/tronco/PUSHILIN_log.png
  artifactKey: Guid(dbcc4af2a520ae84eb55ac5973e894ec) Importer(815301076,1909f56bfc062723c751e8b465ee728b)
Start importing Assets/Decoracion/tronco/PUSHILIN_log.png using Guid(dbcc4af2a520ae84eb55ac5973e894ec) Importer(815301076,1909f56bfc062723c751e8b465ee728b)  -> (artifact id: 'f5a636fd743dce14affe135bc395d887') in 0.310998 seconds
  Import took 0.316547 seconds .

========================================================================
Received Import Request.
  Time since last request: 5.679234 seconds.
  path: Assets/Decoracion/Dinosaurio1
  artifactKey: Guid(009fd14dbce1359438d5efae32c2a625) Importer(815301076,1909f56bfc062723c751e8b465ee728b)
Start importing Assets/Decoracion/Dinosaurio1 using Guid(009fd14dbce1359438d5efae32c2a625) Importer(815301076,1909f56bfc062723c751e8b465ee728b)  -> (artifact id: 'd482a6ffe82c729227819fc6f7e5ead1') in 0.032024 seconds
  Import took 0.065071 seconds .

========================================================================
Received Import Request.
  Time since last request: 0.331319 seconds.
  path: Assets/Decoracion/Dinosaurio1/NOVELO_DIPLODOCUS.obj
  artifactKey: Guid(1980dec689b7bfc4cb8865eaf2238c89) Importer(815301076,1909f56bfc062723c751e8b465ee728b)
Start importing Assets/Decoracion/Dinosaurio1/NOVELO_DIPLODOCUS.obj using Guid(1980dec689b7bfc4cb8865eaf2238c89) Importer(815301076,1909f56bfc062723c751e8b465ee728b)  -> (artifact id: '06be285ef79979eca11f732213472e7d') in 0.396478 seconds
  Import took 0.411015 seconds .

========================================================================
Received Import Request.
  Time since last request: 172.154275 seconds.
  path: Assets/Decoracion/Dinosaurio2
  artifactKey: Guid(e301f3c100af8c84d82ce901f2f8a2cc) Importer(815301076,1909f56bfc062723c751e8b465ee728b)
Start importing Assets/Decoracion/Dinosaurio2 using Guid(e301f3c100af8c84d82ce901f2f8a2cc) Importer(815301076,1909f56bfc062723c751e8b465ee728b)  -> (artifact id: 'fc2eb3751cbab4fb739c91e21bf137af') in 0.032791 seconds
  Import took 0.042564 seconds .

========================================================================
Received Import Request.
  Time since last request: 1.246735 seconds.
  path: Assets/Decoracion/Dinosaurio2/Dinosaur_01.obj
  artifactKey: Guid(9dd62599c2ed61c499e9b82bdf018a9e) Importer(815301076,1909f56bfc062723c751e8b465ee728b)
Start importing Assets/Decoracion/Dinosaurio2/Dinosaur_01.obj using Guid(9dd62599c2ed61c499e9b82bdf018a9e) Importer(815301076,1909f56bfc062723c751e8b465ee728b)  -> (artifact id: 'b652fe5c0cc63a224a9759b4dc312b85') in 0.191854 seconds
  Import took 0.215840 seconds .

========================================================================
Received Import Request.
  Time since last request: 119.942976 seconds.
  path: Assets/Decoracion/Dinosaurio3
  artifactKey: Guid(abdf6ea4021ebaf449a9f787ea8b49dc) Importer(815301076,1909f56bfc062723c751e8b465ee728b)
Start importing Assets/Decoracion/Dinosaurio3 using Guid(abdf6ea4021ebaf449a9f787ea8b49dc) Importer(815301076,1909f56bfc062723c751e8b465ee728b)  -> (artifact id: 'fe567956461d087fdda142b3de8fb38b') in 0.023988 seconds
  Import took 0.032365 seconds .

========================================================================
Received Import Request.
  Time since last request: 0.001723 seconds.
  path: Assets/Decoracion/Dinosaurio3
  artifactKey: Guid(abdf6ea4021ebaf449a9f787ea8b49dc) Importer(815301076,1909f56bfc062723c751e8b465ee728b)
Start importing Assets/Decoracion/Dinosaurio3 using Guid(abdf6ea4021ebaf449a9f787ea8b49dc) Importer(815301076,1909f56bfc062723c751e8b465ee728b)  -> (artifact id: 'fe567956461d087fdda142b3de8fb38b') in 0.022581 seconds
  Import took 0.027673 seconds .

========================================================================
Received Import Request.
  Time since last request: 1.250105 seconds.
  path: Assets/Decoracion/Dinosaurio3/dinosaurs_02.obj
  artifactKey: Guid(ae9423c3fdb587840a89153e160382b1) Importer(815301076,1909f56bfc062723c751e8b465ee728b)
Start importing Assets/Decoracion/Dinosaurio3/dinosaurs_02.obj using Guid(ae9423c3fdb587840a89153e160382b1) Importer(815301076,1909f56bfc062723c751e8b465ee728b)  -> (artifact id: 'f1f6f0adbe22bd65a6533e28c366f83d') in 0.109969 seconds
  Import took 0.114883 seconds .

========================================================================
Received Import Request.
  Time since last request: 87.731808 seconds.
  path: Assets/Decoracion/Dinosaurio4
  artifactKey: Guid(aec16bebe02d89c4e9b58bd2b92cde2d) Importer(815301076,1909f56bfc062723c751e8b465ee728b)
Start importing Assets/Decoracion/Dinosaurio4 using Guid(aec16bebe02d89c4e9b58bd2b92cde2d) Importer(815301076,1909f56bfc062723c751e8b465ee728b)  -> (artifact id: 'f26a1f4a5fb375b7e9871283ab87db3b') in 0.024896 seconds
  Import took 0.039207 seconds .

========================================================================
Received Import Request.
  Time since last request: 1.344390 seconds.
  path: Assets/Decoracion/Dinosaurio4/model.obj
  artifactKey: Guid(c0be439855a65c9498d2742da525fa62) Importer(815301076,1909f56bfc062723c751e8b465ee728b)
Start importing Assets/Decoracion/Dinosaurio4/model.obj using Guid(c0be439855a65c9498d2742da525fa62) Importer(815301076,1909f56bfc062723c751e8b465ee728b)  -> (artifact id: '7973be0dc976d227af728eef9a529a1e') in 1.056495 seconds
  Import took 1.062820 seconds .

========================================================================
Received Import Request.
  Time since last request: 388.300337 seconds.
  path: Assets/Decoracion/Dinosaurio5
  artifactKey: Guid(bb1e67308be4b0a459dbf9738bca162e) Importer(815301076,1909f56bfc062723c751e8b465ee728b)
Start importing Assets/Decoracion/Dinosaurio5 using Guid(bb1e67308be4b0a459dbf9738bca162e) Importer(815301076,1909f56bfc062723c751e8b465ee728b)  -> (artifact id: 'ce2f54a2d21b748ea110ddbb7cc06802') in 0.020864 seconds
  Import took 0.035665 seconds .

========================================================================
Received Import Request.
  Time since last request: 0.837597 seconds.
  path: Assets/Decoracion/Dinosaurio5/model.obj
  artifactKey: Guid(ebc937ed2ef135045badc943f9231941) Importer(815301076,1909f56bfc062723c751e8b465ee728b)
Start importing Assets/Decoracion/Dinosaurio5/model.obj using Guid(ebc937ed2ef135045badc943f9231941) Importer(815301076,1909f56bfc062723c751e8b465ee728b)  -> (artifact id: '3b1a1f2be386b06280270c8ab718e2de') in 1.741325 seconds
  Import took 1.746273 seconds .

========================================================================
Received Import Request.
  Time since last request: 1509.126015 seconds.
  path: Assets/Prefabs/coin1.prefab
  artifactKey: Guid(8f73f169307d16d409552585c1d9fbe3) Importer(815301076,1909f56bfc062723c751e8b465ee728b)
Start importing Assets/Prefabs/coin1.prefab using Guid(8f73f169307d16d409552585c1d9fbe3) Importer(815301076,1909f56bfc062723c751e8b465ee728b)  -> (artifact id: 'f4638d0d08aca12b03db63b1548b7844') in 0.341122 seconds
  Import took 0.345160 seconds .

========================================================================
Received Import Request.
  Time since last request: 3.695583 seconds.
  path: Assets/Prefabs/coin1.prefab
  artifactKey: Guid(8f73f169307d16d409552585c1d9fbe3) Importer(815301076,1909f56bfc062723c751e8b465ee728b)
Start importing Assets/Prefabs/coin1.prefab using Guid(8f73f169307d16d409552585c1d9fbe3) Importer(815301076,1909f56bfc062723c751e8b465ee728b)  -> (artifact id: '5bedd4b39fa8505128a05d969197e47d') in 0.030087 seconds
  Import took 0.035115 seconds .

========================================================================
Received Import Request.
  Time since last request: 17.792110 seconds.
  path: Assets/Prefabs/coin1.prefab
  artifactKey: Guid(8f73f169307d16d409552585c1d9fbe3) Importer(815301076,1909f56bfc062723c751e8b465ee728b)
Start importing Assets/Prefabs/coin1.prefab using Guid(8f73f169307d16d409552585c1d9fbe3) Importer(815301076,1909f56bfc062723c751e8b465ee728b)  -> (artifact id: '30fe88841a51eb468acbb81c1c1a146e') in 0.022183 seconds
  Import took 0.045646 seconds .

