Using pre-set license
Built from '2020.3/release' branch; Version is '2020.3.2f1 (8fd9074bf66c) revision 9427207'; Using compiler version '192528614'; Build Type 'Release'
OS: 'Windows 10 Home Single Language; OS build 18363.1379; Version 1909; 64bit' Language: 'es' Physical Memory: 3920 MB
BatchMode: 1, IsHumanControllingUs: 0, StartBugReporterOnCrash: 0, Is64bit: 1, IsPro: 0

 COMMAND LINE ARGUMENTS:
C:\Program Files\Unity\Hub\Editor\2020.3.2f1\Editor\Unity.exe
-adb2
-batchMode
-noUpm
-name
AssetImportWorker9
-projectPath
C:/Users/Himelda/Documents/GitHub/Epic-Wheel
-logFile
Logs/AssetImportWorker9.log
-srvPort
49888
Successfully changed project path to: C:/Users/Himelda/Documents/GitHub/Epic-Wheel
C:/Users/Himelda/Documents/GitHub/Epic-Wheel
Using Asset Import Pipeline V2.
Refreshing native plugins compatible for Editor in 301.13 ms, found 0 plugins.
Preloading 0 native plugins for Editor in 0.00 ms.
Initialize engine version: 2020.3.2f1 (8fd9074bf66c)
[Subsystems] Discovering subsystems at path C:/Program Files/Unity/Hub/Editor/2020.3.2f1/Editor/Data/Resources/UnitySubsystems
[Subsystems] Discovering subsystems at path C:/Users/Himelda/Documents/GitHub/Epic-Wheel/Assets
GfxDevice: creating device client; threaded=0
Direct3D:
    Version:  Direct3D 11.0 [level 11.1]
    Renderer: Intel(R) HD Graphics 500 (ID=0x5a85)
    Vendor:   
    VRAM:     1960 MB
    Driver:   27.20.100.8681
Initialize mono
Mono path[0] = 'C:/Program Files/Unity/Hub/Editor/2020.3.2f1/Editor/Data/Managed'
Mono path[1] = 'C:/Program Files/Unity/Hub/Editor/2020.3.2f1/Editor/Data/MonoBleedingEdge/lib/mono/unityjit'
Mono config path = 'C:/Program Files/Unity/Hub/Editor/2020.3.2f1/Editor/Data/MonoBleedingEdge/etc'
Using monoOptions --debugger-agent=transport=dt_socket,embedding=1,server=y,suspend=n,address=127.0.0.1:56452
Begin MonoManager ReloadAssembly
Registering precompiled unity dll's ...
Register platform support module: C:/Program Files/Unity/Hub/Editor/2020.3.2f1/Editor/Data/PlaybackEngines/WebGLSupport/UnityEditor.WebGL.Extensions.dll
Register platform support module: C:/Program Files/Unity/Hub/Editor/2020.3.2f1/Editor/Data/PlaybackEngines/WindowsStandaloneSupport/UnityEditor.WindowsStandalone.Extensions.dll
Registered in 0.008008 seconds.
Native extension for WindowsStandalone target not found
Native extension for WebGL target not found
Refreshing native plugins compatible for Editor in 113.56 ms, found 0 plugins.
Preloading 0 native plugins for Editor in 0.00 ms.
Invoked RoslynAnalysisRunner static constructor.
RoslynAnalysisRunner will not be running.
RoslynAnalysisRunner has terminated.
Mono: successfully reloaded assembly
- Completed reload, in  6.041 seconds
Platform modules already initialized, skipping
Registering precompiled user dll's ...
Registered in 0.002066 seconds.
Begin MonoManager ReloadAssembly
Native extension for WindowsStandalone target not found
Native extension for WebGL target not found
Refreshing native plugins compatible for Editor in 0.91 ms, found 0 plugins.
Preloading 0 native plugins for Editor in 0.00 ms.
Invoked RoslynAnalysisRunner static constructor.
RoslynAnalysisRunner will not be running.
RoslynAnalysisRunner has terminated.
Mono: successfully reloaded assembly
- Completed reload, in  4.689 seconds
Platform modules already initialized, skipping
========================================================================
Worker process is ready to serve import requests
Launched and connected shader compiler UnityShaderCompiler.exe after 0.67 seconds
Refreshing native plugins compatible for Editor in 0.66 ms, found 0 plugins.
Preloading 0 native plugins for Editor in 0.00 ms.
Unloading 1120 Unused Serialized files (Serialized files now loaded: 0)
System memory in use before: 59.0 MB.
System memory in use after: 59.1 MB.

Unloading 9 unused Assets to reduce memory usage. Loaded Objects now: 1565.
Total: 7.089400 ms (FindLiveObjects: 0.449400 ms CreateObjectMapping: 0.099200 ms MarkObjects: 6.362300 ms  DeleteObjects: 0.174500 ms)

========================================================================
Received Import Request.
  path: Assets/Scenes/Nivel 3.unity
  artifactKey: Guid(74e81c87e1735be499a1714f45c37979) Importer(815301076,1909f56bfc062723c751e8b465ee728b)
Start importing Assets/Scenes/Nivel 3.unity using Guid(74e81c87e1735be499a1714f45c37979) Importer(815301076,1909f56bfc062723c751e8b465ee728b)  -> (artifact id: '53f436749753bb992fa0095a9741bbd3') in 0.125426 seconds
  Import took 0.131324 seconds .

========================================================================
Received Import Request.
  Time since last request: 0.000555 seconds.
  path: Assets/Scenes/Nivel 1.unity
  artifactKey: Guid(9fc0d4010bbf28b4594072e72b8655ab) Importer(815301076,1909f56bfc062723c751e8b465ee728b)
Start importing Assets/Scenes/Nivel 1.unity using Guid(9fc0d4010bbf28b4594072e72b8655ab) Importer(815301076,1909f56bfc062723c751e8b465ee728b)  -> (artifact id: '96cd4a9dba65222610c127ea844ea722') in 0.405299 seconds
  Import took 0.470943 seconds .

========================================================================
Received Import Request.
  Time since last request: 1142.797614 seconds.
  path: Assets/Scenes
  artifactKey: Guid(cc8149b3e74271548aafeb93542739b6) Importer(815301076,1909f56bfc062723c751e8b465ee728b)
Start importing Assets/Scenes using Guid(cc8149b3e74271548aafeb93542739b6) Importer(815301076,1909f56bfc062723c751e8b465ee728b)  -> (artifact id: '0df7f6b0963bc2d471ee06b23c3d1944') in 0.049981 seconds
  Import took 0.159192 seconds .

========================================================================
Received Prepare
Refreshing native plugins compatible for Editor in 3.25 ms, found 0 plugins.
Preloading 0 native plugins for Editor in 0.00 ms.
Unloading 2 Unused Serialized files (Serialized files now loaded: 0)
System memory in use before: 36.6 MB.
System memory in use after: 36.8 MB.

Unloading 2 unused Assets to reduce memory usage. Loaded Objects now: 1565.
Total: 22.173200 ms (FindLiveObjects: 0.453100 ms CreateObjectMapping: 0.097100 ms MarkObjects: 20.883000 ms  DeleteObjects: 0.733000 ms)

========================================================================
Received Import Request.
  Time since last request: 66.610432 seconds.
  path: Assets/Scenes/Menu.unity
  artifactKey: Guid(d6b3d264d18cec5408c6edd51c6be5c8) Importer(815301076,1909f56bfc062723c751e8b465ee728b)
Start importing Assets/Scenes/Menu.unity using Guid(d6b3d264d18cec5408c6edd51c6be5c8) Importer(815301076,1909f56bfc062723c751e8b465ee728b)  -> (artifact id: 'd736d6b4c23fdbca77f43b0bd87d535d') in 0.065701 seconds
  Import took 0.076284 seconds .

========================================================================
Received Prepare
Registering precompiled user dll's ...
Registered in 0.003809 seconds.
Begin MonoManager ReloadAssembly
Native extension for WindowsStandalone target not found
Native extension for WebGL target not found
Refreshing native plugins compatible for Editor in 1.28 ms, found 0 plugins.
Preloading 0 native plugins for Editor in 0.00 ms.
Invoked RoslynAnalysisRunner static constructor.
RoslynAnalysisRunner will not be running.
RoslynAnalysisRunner has terminated.
Mono: successfully reloaded assembly
- Completed reload, in  4.291 seconds
Platform modules already initialized, skipping
Refreshing native plugins compatible for Editor in 1.09 ms, found 0 plugins.
Preloading 0 native plugins for Editor in 0.00 ms.
Unloading 1114 Unused Serialized files (Serialized files now loaded: 0)
System memory in use before: 58.9 MB.
System memory in use after: 59.0 MB.

Unloading 4 unused Assets to reduce memory usage. Loaded Objects now: 1568.
Total: 6.670100 ms (FindLiveObjects: 0.446900 ms CreateObjectMapping: 0.096300 ms MarkObjects: 5.968300 ms  DeleteObjects: 0.154700 ms)

========================================================================
Received Prepare
Registering precompiled user dll's ...
Registered in 0.002050 seconds.
Begin MonoManager ReloadAssembly
Native extension for WindowsStandalone target not found
Native extension for WebGL target not found
Refreshing native plugins compatible for Editor in 0.97 ms, found 0 plugins.
Preloading 0 native plugins for Editor in 0.00 ms.
Invoked RoslynAnalysisRunner static constructor.
RoslynAnalysisRunner will not be running.
RoslynAnalysisRunner has terminated.
Mono: successfully reloaded assembly
- Completed reload, in  4.236 seconds
Platform modules already initialized, skipping
Refreshing native plugins compatible for Editor in 0.75 ms, found 0 plugins.
Preloading 0 native plugins for Editor in 0.00 ms.
Unloading 1114 Unused Serialized files (Serialized files now loaded: 0)
System memory in use before: 58.9 MB.
System memory in use after: 59.0 MB.

Unloading 4 unused Assets to reduce memory usage. Loaded Objects now: 1571.
Total: 6.444800 ms (FindLiveObjects: 0.434800 ms CreateObjectMapping: 0.099800 ms MarkObjects: 5.800900 ms  DeleteObjects: 0.104800 ms)

========================================================================
Received Import Request.
  Time since last request: 41718.920207 seconds.
  path: Assets/Scripts
  artifactKey: Guid(5ea6658cd1a938641b55086011322f24) Importer(815301076,1909f56bfc062723c751e8b465ee728b)
Start importing Assets/Scripts using Guid(5ea6658cd1a938641b55086011322f24) Importer(815301076,1909f56bfc062723c751e8b465ee728b)  -> (artifact id: '89bc91460e184f6a3a7cc0fb8878e116') in 4.887399 seconds
  Import took 7.786433 seconds .

========================================================================
Received Import Request.
  Time since last request: 26.116827 seconds.
  path: Assets/Scripts/ContolN1.cs
  artifactKey: Guid(eaa444305d6190f42b7d957c168efae9) Importer(815301076,1909f56bfc062723c751e8b465ee728b)
Start importing Assets/Scripts/ContolN1.cs using Guid(eaa444305d6190f42b7d957c168efae9) Importer(815301076,1909f56bfc062723c751e8b465ee728b)  -> (artifact id: 'f8759c70c97b1b4034be7a8119c0fa7c') in 4.485582 seconds
  Import took 4.527973 seconds .

========================================================================
Received Prepare
Registering precompiled user dll's ...
Registered in 0.002622 seconds.
Begin MonoManager ReloadAssembly
Native extension for WindowsStandalone target not found
Native extension for WebGL target not found
Refreshing native plugins compatible for Editor in 1.06 ms, found 0 plugins.
Preloading 0 native plugins for Editor in 0.00 ms.
Invoked RoslynAnalysisRunner static constructor.
RoslynAnalysisRunner will not be running.
RoslynAnalysisRunner has terminated.
Mono: successfully reloaded assembly
- Completed reload, in 33.681 seconds
Platform modules already initialized, skipping
Refreshing native plugins compatible for Editor in 0.62 ms, found 0 plugins.
Preloading 0 native plugins for Editor in 0.00 ms.
Unloading 1115 Unused Serialized files (Serialized files now loaded: 0)
System memory in use before: 58.9 MB.
System memory in use after: 59.0 MB.

Unloading 4 unused Assets to reduce memory usage. Loaded Objects now: 1575.
Total: 108.335100 ms (FindLiveObjects: 0.465200 ms CreateObjectMapping: 0.105300 ms MarkObjects: 107.591100 ms  DeleteObjects: 0.167700 ms)

========================================================================
Received Import Request.
  Time since last request: 809.645081 seconds.
  path: Assets/Scripts/ContolN1.cs
  artifactKey: Guid(eaa444305d6190f42b7d957c168efae9) Importer(815301076,1909f56bfc062723c751e8b465ee728b)
Start importing Assets/Scripts/ContolN1.cs using Guid(eaa444305d6190f42b7d957c168efae9) Importer(815301076,1909f56bfc062723c751e8b465ee728b)  -> (artifact id: '4e8223f121ce4453b45d20fdc9451235') in 0.069107 seconds
  Import took 0.093608 seconds .

