Using pre-set license
Built from '2020.3/release' branch; Version is '2020.3.2f1 (8fd9074bf66c) revision 9427207'; Using compiler version '192528614'; Build Type 'Release'
OS: 'Windows 10 Home Single Language; OS build 19041.867; Version 2004; 64bit' Language: 'es' Physical Memory: 3977 MB
BatchMode: 1, IsHumanControllingUs: 0, StartBugReporterOnCrash: 0, Is64bit: 1, IsPro: 0

 COMMAND LINE ARGUMENTS:
C:\Program Files\Unity\Hub\Editor\2020.3.2f1\Editor\Unity.exe
-adb2
-batchMode
-noUpm
-name
AssetImportWorker1
-projectPath
C:/Users/USER/OneDrive/Documentos/GitHub/Epic-Wheel
-logFile
Logs/AssetImportWorker1.log
-srvPort
60643
Successfully changed project path to: C:/Users/USER/OneDrive/Documentos/GitHub/Epic-Wheel
C:/Users/USER/OneDrive/Documentos/GitHub/Epic-Wheel
Using Asset Import Pipeline V2.
Refreshing native plugins compatible for Editor in 104.98 ms, found 0 plugins.
Preloading 0 native plugins for Editor in 0.00 ms.
Initialize engine version: 2020.3.2f1 (8fd9074bf66c)
[Subsystems] Discovering subsystems at path C:/Program Files/Unity/Hub/Editor/2020.3.2f1/Editor/Data/Resources/UnitySubsystems
[Subsystems] Discovering subsystems at path C:/Users/USER/OneDrive/Documentos/GitHub/Epic-Wheel/Assets
GfxDevice: creating device client; threaded=0
Direct3D:
    Version:  Direct3D 11.0 [level 11.0]
    Renderer: Intel(R) HD Graphics 4000 (ID=0x166)
    Vendor:   
    VRAM:     128 MB
    Driver:   10.18.10.4252
Initialize mono
Mono path[0] = 'C:/Program Files/Unity/Hub/Editor/2020.3.2f1/Editor/Data/Managed'
Mono path[1] = 'C:/Program Files/Unity/Hub/Editor/2020.3.2f1/Editor/Data/MonoBleedingEdge/lib/mono/unityjit'
Mono config path = 'C:/Program Files/Unity/Hub/Editor/2020.3.2f1/Editor/Data/MonoBleedingEdge/etc'
Using monoOptions --debugger-agent=transport=dt_socket,embedding=1,server=y,suspend=n,address=127.0.0.1:56420
Begin MonoManager ReloadAssembly
Registering precompiled unity dll's ...
Register platform support module: C:/Program Files/Unity/Hub/Editor/2020.3.2f1/Editor/Data/PlaybackEngines/WebGLSupport/UnityEditor.WebGL.Extensions.dll
Register platform support module: C:/Program Files/Unity/Hub/Editor/2020.3.2f1/Editor/Data/PlaybackEngines/WindowsStandaloneSupport/UnityEditor.WindowsStandalone.Extensions.dll
Registered in 0.010986 seconds.
Native extension for WindowsStandalone target not found
Native extension for WebGL target not found
Refreshing native plugins compatible for Editor in 172.63 ms, found 0 plugins.
Preloading 0 native plugins for Editor in 0.00 ms.
Invoked RoslynAnalysisRunner static constructor.
RoslynAnalysisRunner will not be running.
RoslynAnalysisRunner has terminated.
Mono: successfully reloaded assembly
- Completed reload, in  6.386 seconds
Platform modules already initialized, skipping
Registering precompiled user dll's ...
Registered in 0.003350 seconds.
Begin MonoManager ReloadAssembly
Native extension for WindowsStandalone target not found
Native extension for WebGL target not found
Refreshing native plugins compatible for Editor in 0.29 ms, found 0 plugins.
Preloading 0 native plugins for Editor in 0.00 ms.
Invoked RoslynAnalysisRunner static constructor.
RoslynAnalysisRunner will not be running.
RoslynAnalysisRunner has terminated.
Mono: successfully reloaded assembly
- Completed reload, in  2.081 seconds
Platform modules already initialized, skipping
========================================================================
Worker process is ready to serve import requests
Launched and connected shader compiler UnityShaderCompiler.exe after 0.35 seconds
Refreshing native plugins compatible for Editor in 0.46 ms, found 0 plugins.
Preloading 0 native plugins for Editor in 0.00 ms.
Unloading 1116 Unused Serialized files (Serialized files now loaded: 0)
System memory in use before: 57.1 MB.
System memory in use after: 57.2 MB.

Unloading 9 unused Assets to reduce memory usage. Loaded Objects now: 1559.
Total: 4.212400 ms (FindLiveObjects: 0.412500 ms CreateObjectMapping: 0.158000 ms MarkObjects: 3.492900 ms  DeleteObjects: 0.145600 ms)

========================================================================
Received Import Request.
  path: Assets/Scenes/Nivel 1.unity
  artifactKey: Guid(9fc0d4010bbf28b4594072e72b8655ab) Importer(815301076,1909f56bfc062723c751e8b465ee728b)
Start importing Assets/Scenes/Nivel 1.unity using Guid(9fc0d4010bbf28b4594072e72b8655ab) Importer(815301076,1909f56bfc062723c751e8b465ee728b)  -> (artifact id: '96cd4a9dba65222610c127ea844ea722') in 0.088058 seconds
  Import took 0.093208 seconds .

========================================================================
Received Import Request.
  Time since last request: 2.650731 seconds.
  path: Assets/Scenes/Nivel 1.unity
  artifactKey: Guid(9fc0d4010bbf28b4594072e72b8655ab) Importer(815301076,1909f56bfc062723c751e8b465ee728b)
Start importing Assets/Scenes/Nivel 1.unity using Guid(9fc0d4010bbf28b4594072e72b8655ab) Importer(815301076,1909f56bfc062723c751e8b465ee728b)  -> (artifact id: '96cd4a9dba65222610c127ea844ea722') in 0.009052 seconds
  Import took 0.015895 seconds .

========================================================================
Received Import Request.
  Time since last request: 53.908609 seconds.
  path: Assets/Scenes
  artifactKey: Guid(cc8149b3e74271548aafeb93542739b6) Importer(815301076,1909f56bfc062723c751e8b465ee728b)
Start importing Assets/Scenes using Guid(cc8149b3e74271548aafeb93542739b6) Importer(815301076,1909f56bfc062723c751e8b465ee728b)  -> (artifact id: '0df7f6b0963bc2d471ee06b23c3d1944') in 0.047797 seconds
  Import took 0.065044 seconds .

========================================================================
Received Prepare
Registering precompiled user dll's ...
Registered in 0.001497 seconds.
Begin MonoManager ReloadAssembly
Native extension for WindowsStandalone target not found
Native extension for WebGL target not found
Refreshing native plugins compatible for Editor in 0.35 ms, found 0 plugins.
Preloading 0 native plugins for Editor in 0.00 ms.
Invoked RoslynAnalysisRunner static constructor.
RoslynAnalysisRunner will not be running.
RoslynAnalysisRunner has terminated.
Mono: successfully reloaded assembly
- Completed reload, in  2.005 seconds
Platform modules already initialized, skipping
Refreshing native plugins compatible for Editor in 0.59 ms, found 0 plugins.
Preloading 0 native plugins for Editor in 0.00 ms.
Unloading 1110 Unused Serialized files (Serialized files now loaded: 0)
System memory in use before: 56.9 MB.
System memory in use after: 57.0 MB.

Unloading 4 unused Assets to reduce memory usage. Loaded Objects now: 1562.
Total: 4.717400 ms (FindLiveObjects: 0.334000 ms CreateObjectMapping: 0.108900 ms MarkObjects: 4.218800 ms  DeleteObjects: 0.052000 ms)

========================================================================
Received Import Request.
  Time since last request: 76.619179 seconds.
  path: Assets/Scenes/Nivel 3.unity
  artifactKey: Guid(74e81c87e1735be499a1714f45c37979) Importer(815301076,1909f56bfc062723c751e8b465ee728b)
Start importing Assets/Scenes/Nivel 3.unity using Guid(74e81c87e1735be499a1714f45c37979) Importer(815301076,1909f56bfc062723c751e8b465ee728b)  -> (artifact id: '3060525bc735e2e35459eb5712b62abe') in 0.035029 seconds
  Import took 0.040727 seconds .

========================================================================
Received Import Request.
  Time since last request: 181.444052 seconds.
  path: Assets/Scenes/Nivel 3.unity
  artifactKey: Guid(74e81c87e1735be499a1714f45c37979) Importer(815301076,1909f56bfc062723c751e8b465ee728b)
Start importing Assets/Scenes/Nivel 3.unity using Guid(74e81c87e1735be499a1714f45c37979) Importer(815301076,1909f56bfc062723c751e8b465ee728b)  -> (artifact id: 'a91c28befcd70edf528f72cf01337f91') in 0.030431 seconds
  Import took 0.040464 seconds .

========================================================================
Received Import Request.
  Time since last request: 1506.332448 seconds.
  path: Assets/Decoracion/Piedra 1
  artifactKey: Guid(049e0803138bbc043b7c3d9a4bd9dbe6) Importer(815301076,1909f56bfc062723c751e8b465ee728b)
Start importing Assets/Decoracion/Piedra 1 using Guid(049e0803138bbc043b7c3d9a4bd9dbe6) Importer(815301076,1909f56bfc062723c751e8b465ee728b)  -> (artifact id: '84119aec7c80ff81b5f9cda6e6edb9d8') in 0.210532 seconds
  Import took 0.293814 seconds .

========================================================================
Received Import Request.
  Time since last request: 0.000444 seconds.
  path: Assets/Decoracion/Piedra 1/PUSHILIN_rock.obj
  artifactKey: Guid(37e91eea3051a6543ae8102169dccd9e) Importer(815301076,1909f56bfc062723c751e8b465ee728b)
Start importing Assets/Decoracion/Piedra 1/PUSHILIN_rock.obj using Guid(37e91eea3051a6543ae8102169dccd9e) Importer(815301076,1909f56bfc062723c751e8b465ee728b)  -> (artifact id: '18432a74a8e4d5dc1db8d050b04cc767') in 2.075096 seconds
  Import took 2.095052 seconds .

========================================================================
Received Import Request.
  Time since last request: 0.000332 seconds.
  path: Assets/Decoracion/Piedra 1/PUSHILIN_rock.png
  artifactKey: Guid(20190697157be2943968789cd2ba2827) Importer(815301076,1909f56bfc062723c751e8b465ee728b)
Start importing Assets/Decoracion/Piedra 1/PUSHILIN_rock.png using Guid(20190697157be2943968789cd2ba2827) Importer(815301076,1909f56bfc062723c751e8b465ee728b)  -> (artifact id: '51569c94ca89842bafcfdcd0ab742b0b') in 0.408264 seconds
  Import took 0.421734 seconds .

========================================================================
Received Import Request.
  Time since last request: 24.618351 seconds.
  path: Assets/Decoracion/piedra 2/PUSHILIN_stone.obj
  artifactKey: Guid(a86ccdcae4240c247aca8d1e76344733) Importer(815301076,1909f56bfc062723c751e8b465ee728b)
Start importing Assets/Decoracion/piedra 2/PUSHILIN_stone.obj using Guid(a86ccdcae4240c247aca8d1e76344733) Importer(815301076,1909f56bfc062723c751e8b465ee728b)  -> (artifact id: '4b7bd6bcf00a7e08ddc5b70f53abf630') in 0.121390 seconds
  Import took 0.144765 seconds .

========================================================================
Received Import Request.
  Time since last request: 0.000377 seconds.
  path: Assets/Decoracion/piedra 2/PUSHILIN_stone.png
  artifactKey: Guid(60a6813980d2d6e41b5c66c70dccbbff) Importer(815301076,1909f56bfc062723c751e8b465ee728b)
Start importing Assets/Decoracion/piedra 2/PUSHILIN_stone.png using Guid(60a6813980d2d6e41b5c66c70dccbbff) Importer(815301076,1909f56bfc062723c751e8b465ee728b)  -> (artifact id: '0a42f8bb0d9425609c3f26ac8819384e') in 0.036388 seconds
  Import took 0.053063 seconds .

========================================================================
Received Import Request.
  Time since last request: 10.737585 seconds.
  path: Assets/Decoracion/archive/Moon_1226.obj
  artifactKey: Guid(669e13d06963ca146a7c98265b1bfb85) Importer(815301076,1909f56bfc062723c751e8b465ee728b)
Start importing Assets/Decoracion/archive/Moon_1226.obj using Guid(669e13d06963ca146a7c98265b1bfb85) Importer(815301076,1909f56bfc062723c751e8b465ee728b)  -> (artifact id: '54a5f26db24dec34c0dc321e17ebfc3a') in 0.144978 seconds
  Import took 0.166648 seconds .

========================================================================
Received Import Request.
  Time since last request: 29.616871 seconds.
  path: Assets/Decoracion/tronco/PUSHILIN_log.obj
  artifactKey: Guid(ff88008f9e84fe343b0cc2eb36f9375c) Importer(815301076,1909f56bfc062723c751e8b465ee728b)
Start importing Assets/Decoracion/tronco/PUSHILIN_log.obj using Guid(ff88008f9e84fe343b0cc2eb36f9375c) Importer(815301076,1909f56bfc062723c751e8b465ee728b)  -> (artifact id: '37c311f0fc2dc87cb8d193f37a40eaa5') in 0.078289 seconds
  Import took 0.094114 seconds .

========================================================================
Received Import Request.
  Time since last request: 0.000358 seconds.
  path: Assets/Decoracion/tronco/PUSHILIN_log.png
  artifactKey: Guid(dbcc4af2a520ae84eb55ac5973e894ec) Importer(815301076,1909f56bfc062723c751e8b465ee728b)
Start importing Assets/Decoracion/tronco/PUSHILIN_log.png using Guid(dbcc4af2a520ae84eb55ac5973e894ec) Importer(815301076,1909f56bfc062723c751e8b465ee728b)  -> (artifact id: 'f5a636fd743dce14affe135bc395d887') in 0.040614 seconds
  Import took 0.052351 seconds .

========================================================================
Received Import Request.
  Time since last request: 0.933540 seconds.
  path: Assets/Decoracion/T-rex/Mesh_Dinosaur.obj
  artifactKey: Guid(5491b5738a2ee864687ab80ba963204d) Importer(815301076,1909f56bfc062723c751e8b465ee728b)
Start importing Assets/Decoracion/T-rex/Mesh_Dinosaur.obj using Guid(5491b5738a2ee864687ab80ba963204d) Importer(815301076,1909f56bfc062723c751e8b465ee728b)  -> (artifact id: 'b71500ac60f106602d08929f2aeb3e19') in 0.100540 seconds
  Import took 0.105220 seconds .

========================================================================
Received Import Request.
  Time since last request: 0.000119 seconds.
  path: Assets/Decoracion/T-rex/Tex_Dinosaur.png
  artifactKey: Guid(a0518f919db48984e8948d7ffd0bdf49) Importer(815301076,1909f56bfc062723c751e8b465ee728b)
Start importing Assets/Decoracion/T-rex/Tex_Dinosaur.png using Guid(a0518f919db48984e8948d7ffd0bdf49) Importer(815301076,1909f56bfc062723c751e8b465ee728b)  -> (artifact id: 'ded21fd7c8ea4622a7f7b8f1dfd0da57') in 0.074701 seconds
  Import took 0.080871 seconds .

========================================================================
Received Import Request.
  Time since last request: 0.732168 seconds.
  path: Assets/Decoracion/pino/model.obj
  artifactKey: Guid(856a498787b247e48b36d43d0ba9af39) Importer(815301076,1909f56bfc062723c751e8b465ee728b)
Start importing Assets/Decoracion/pino/model.obj using Guid(856a498787b247e48b36d43d0ba9af39) Importer(815301076,1909f56bfc062723c751e8b465ee728b)  -> (artifact id: 'e15dbdd4140ed278253f290b307ae55f') in 0.095941 seconds
  Import took 0.115839 seconds .

========================================================================
Received Import Request.
  Time since last request: 4.994918 seconds.
  path: Assets/Decoracion/Dinosaurio/Mesh_Dinosaur.obj
  artifactKey: Guid(f28ba00d9b904c8409b9385fd7982ea7) Importer(815301076,1909f56bfc062723c751e8b465ee728b)
Start importing Assets/Decoracion/Dinosaurio/Mesh_Dinosaur.obj using Guid(f28ba00d9b904c8409b9385fd7982ea7) Importer(815301076,1909f56bfc062723c751e8b465ee728b)  -> (artifact id: '1caae8f437b906a68bbfe1e1e4f0a221') in 0.050475 seconds
  Import took 0.086489 seconds .

========================================================================
Received Import Request.
  Time since last request: 0.000400 seconds.
  path: Assets/Decoracion/Dinosaurio/Tex_Dinosaur.png
  artifactKey: Guid(3b14619ca509f2e43b1d050ef0b45e68) Importer(815301076,1909f56bfc062723c751e8b465ee728b)
Start importing Assets/Decoracion/Dinosaurio/Tex_Dinosaur.png using Guid(3b14619ca509f2e43b1d050ef0b45e68) Importer(815301076,1909f56bfc062723c751e8b465ee728b)  -> (artifact id: 'fddbc0a1bb6c8a18f3fdcec6eb241581') in 0.019057 seconds
  Import took 0.023330 seconds .

========================================================================
Received Import Request.
  Time since last request: 769.161490 seconds.
  path: Assets/Decoracion
  artifactKey: Guid(94d7536974ba43e458f5a3285d489b7a) Importer(815301076,1909f56bfc062723c751e8b465ee728b)
Start importing Assets/Decoracion using Guid(94d7536974ba43e458f5a3285d489b7a) Importer(815301076,1909f56bfc062723c751e8b465ee728b)  -> (artifact id: '67ef819b66d0bbfd13f15a2d7c99893c') in 0.118262 seconds
  Import took 0.191772 seconds .

========================================================================
Received Import Request.
  Time since last request: 30.337193 seconds.
  path: Assets/Decoracion/New Folder
  artifactKey: Guid(86ce3ae686173364594e7db7848c6049) Importer(815301076,1909f56bfc062723c751e8b465ee728b)
Start importing Assets/Decoracion/New Folder using Guid(86ce3ae686173364594e7db7848c6049) Importer(815301076,1909f56bfc062723c751e8b465ee728b)  -> (artifact id: '05d16eba307d75c17471cdc25f2de8a3') in 0.015719 seconds
  Import took 0.118084 seconds .

========================================================================
Received Import Request.
  Time since last request: 30.842752 seconds.
  path: Assets/Decoracion/palmera/AlexandraPalmTree.obj
  artifactKey: Guid(a665e33b304d8df48ae6741b06e93421) Importer(815301076,1909f56bfc062723c751e8b465ee728b)
Start importing Assets/Decoracion/palmera/AlexandraPalmTree.obj using Guid(a665e33b304d8df48ae6741b06e93421) Importer(815301076,1909f56bfc062723c751e8b465ee728b)  -> (artifact id: 'b1d985f5efaa91c2f01a378da95555fa') in 0.649191 seconds
  Import took 0.700609 seconds .

========================================================================
Received Import Request.
  Time since last request: 0.000331 seconds.
  path: Assets/Decoracion/palmera/AlexandraPalmTree_BaseColor.png
  artifactKey: Guid(37734064442fc394aa019ed292074e34) Importer(815301076,1909f56bfc062723c751e8b465ee728b)
Start importing Assets/Decoracion/palmera/AlexandraPalmTree_BaseColor.png using Guid(37734064442fc394aa019ed292074e34) Importer(815301076,1909f56bfc062723c751e8b465ee728b)  -> (artifact id: '1d40d2825828f419ad4de9e9a97ac7e1') in 0.078609 seconds
  Import took 0.148469 seconds .

========================================================================
Received Import Request.
  Time since last request: 26.896220 seconds.
  path: Assets/Decoracion/Jugador 3
  artifactKey: Guid(93681972388741c4497c4de4ae20f953) Importer(815301076,1909f56bfc062723c751e8b465ee728b)
Start importing Assets/Decoracion/Jugador 3 using Guid(93681972388741c4497c4de4ae20f953) Importer(815301076,1909f56bfc062723c751e8b465ee728b)  -> (artifact id: '03e04a0ea3367573db3617d9d9e7c694') in 0.011905 seconds
  Import took 0.034355 seconds .

========================================================================
Received Import Request.
  Time since last request: 477.577708 seconds.
  path: Assets/Decoracion/Jugador 3/model.obj
  artifactKey: Guid(392c548c4c9a79448a3b826527ca784f) Importer(815301076,1909f56bfc062723c751e8b465ee728b)
Start importing Assets/Decoracion/Jugador 3/model.obj using Guid(392c548c4c9a79448a3b826527ca784f) Importer(815301076,1909f56bfc062723c751e8b465ee728b)  -> (artifact id: '55a2293178b16ba7ee5e225822be8b6e') in 0.585882 seconds
  Import took 0.607347 seconds .

========================================================================
Received Prepare
Registering precompiled user dll's ...
Registered in 0.023230 seconds.
Begin MonoManager ReloadAssembly
Native extension for WindowsStandalone target not found
Native extension for WebGL target not found
Refreshing native plugins compatible for Editor in 0.38 ms, found 0 plugins.
Preloading 0 native plugins for Editor in 0.00 ms.
Invoked RoslynAnalysisRunner static constructor.
RoslynAnalysisRunner will not be running.
RoslynAnalysisRunner has terminated.
Mono: successfully reloaded assembly
- Completed reload, in  7.598 seconds
Platform modules already initialized, skipping
Script is not up to date after domain reload: guid(4a71e3ef0ecba3847b0012d2f9974634) path("Assets/Scripts/Jugador.cs") state(2)
Refreshing native plugins compatible for Editor in 0.37 ms, found 0 plugins.
Preloading 0 native plugins for Editor in 0.00 ms.
Unloading 1110 Unused Serialized files (Serialized files now loaded: 0)
System memory in use before: 60.5 MB.
System memory in use after: 60.6 MB.

Unloading 4 unused Assets to reduce memory usage. Loaded Objects now: 1610.
Total: 2.801500 ms (FindLiveObjects: 0.226200 ms CreateObjectMapping: 0.092900 ms MarkObjects: 2.450400 ms  DeleteObjects: 0.029200 ms)

========================================================================
Received Prepare
Registering precompiled user dll's ...
Registered in 0.001323 seconds.
Begin MonoManager ReloadAssembly
Native extension for WindowsStandalone target not found
Native extension for WebGL target not found
Refreshing native plugins compatible for Editor in 0.31 ms, found 0 plugins.
Preloading 0 native plugins for Editor in 0.00 ms.
Invoked RoslynAnalysisRunner static constructor.
RoslynAnalysisRunner will not be running.
RoslynAnalysisRunner has terminated.
Mono: successfully reloaded assembly
- Completed reload, in  1.310 seconds
Platform modules already initialized, skipping
Refreshing native plugins compatible for Editor in 0.48 ms, found 0 plugins.
Preloading 0 native plugins for Editor in 0.00 ms.
Unloading 1111 Unused Serialized files (Serialized files now loaded: 0)
System memory in use before: 60.5 MB.
System memory in use after: 60.6 MB.

Unloading 4 unused Assets to reduce memory usage. Loaded Objects now: 1614.
Total: 4.130500 ms (FindLiveObjects: 0.432700 ms CreateObjectMapping: 0.155700 ms MarkObjects: 3.508300 ms  DeleteObjects: 0.030200 ms)

========================================================================
Received Prepare
Registering precompiled user dll's ...
Registered in 0.001685 seconds.
Begin MonoManager ReloadAssembly
Native extension for WindowsStandalone target not found
Native extension for WebGL target not found
Refreshing native plugins compatible for Editor in 0.41 ms, found 0 plugins.
Preloading 0 native plugins for Editor in 0.00 ms.
Invoked RoslynAnalysisRunner static constructor.
RoslynAnalysisRunner will not be running.
RoslynAnalysisRunner has terminated.
Mono: successfully reloaded assembly
- Completed reload, in  3.153 seconds
Platform modules already initialized, skipping
Script is not up to date after domain reload: guid(b1d2e67d1554a7543916697ce6c465c1) path("Assets/Scripts/Camara.cs") state(2)
Refreshing native plugins compatible for Editor in 1.17 ms, found 0 plugins.
Preloading 0 native plugins for Editor in 0.00 ms.
Unloading 1111 Unused Serialized files (Serialized files now loaded: 0)
System memory in use before: 60.5 MB.
System memory in use after: 60.6 MB.

Unloading 4 unused Assets to reduce memory usage. Loaded Objects now: 1617.
Total: 4.639400 ms (FindLiveObjects: 0.463800 ms CreateObjectMapping: 0.188500 ms MarkObjects: 3.947200 ms  DeleteObjects: 0.036200 ms)

========================================================================
Received Prepare
Registering precompiled user dll's ...
Registered in 0.001726 seconds.
Begin MonoManager ReloadAssembly
Native extension for WindowsStandalone target not found
Native extension for WebGL target not found
Refreshing native plugins compatible for Editor in 0.36 ms, found 0 plugins.
Preloading 0 native plugins for Editor in 0.00 ms.
Invoked RoslynAnalysisRunner static constructor.
RoslynAnalysisRunner will not be running.
RoslynAnalysisRunner has terminated.
Mono: successfully reloaded assembly
- Completed reload, in  2.513 seconds
Platform modules already initialized, skipping
Refreshing native plugins compatible for Editor in 0.59 ms, found 0 plugins.
Preloading 0 native plugins for Editor in 0.00 ms.
Unloading 1112 Unused Serialized files (Serialized files now loaded: 0)
System memory in use before: 60.5 MB.
System memory in use after: 60.6 MB.

Unloading 4 unused Assets to reduce memory usage. Loaded Objects now: 1621.
Total: 4.564100 ms (FindLiveObjects: 0.373400 ms CreateObjectMapping: 0.115500 ms MarkObjects: 4.039000 ms  DeleteObjects: 0.032900 ms)

========================================================================
Received Import Request.
  Time since last request: 1819.821746 seconds.
  path: Assets/Scripts/Jugador.cs
  artifactKey: Guid(4a71e3ef0ecba3847b0012d2f9974634) Importer(815301076,1909f56bfc062723c751e8b465ee728b)
Start importing Assets/Scripts/Jugador.cs using Guid(4a71e3ef0ecba3847b0012d2f9974634) Importer(815301076,1909f56bfc062723c751e8b465ee728b)  -> (artifact id: 'ab87f70f1fcfd284ccc9668ae1f9920a') in 0.333418 seconds
  Import took 0.380995 seconds .

========================================================================
Received Prepare
Registering precompiled user dll's ...
Registered in 0.001331 seconds.
Begin MonoManager ReloadAssembly
Native extension for WindowsStandalone target not found
Native extension for WebGL target not found
Refreshing native plugins compatible for Editor in 0.29 ms, found 0 plugins.
Preloading 0 native plugins for Editor in 0.00 ms.
Invoked RoslynAnalysisRunner static constructor.
RoslynAnalysisRunner will not be running.
RoslynAnalysisRunner has terminated.
Mono: successfully reloaded assembly
- Completed reload, in  1.532 seconds
Platform modules already initialized, skipping
Refreshing native plugins compatible for Editor in 0.45 ms, found 0 plugins.
Preloading 0 native plugins for Editor in 0.00 ms.
Unloading 1112 Unused Serialized files (Serialized files now loaded: 0)
System memory in use before: 60.5 MB.
System memory in use after: 60.6 MB.

Unloading 4 unused Assets to reduce memory usage. Loaded Objects now: 1624.
Total: 2.698700 ms (FindLiveObjects: 0.241700 ms CreateObjectMapping: 0.091500 ms MarkObjects: 2.336000 ms  DeleteObjects: 0.026100 ms)

========================================================================
Received Prepare
Registering precompiled user dll's ...
Registered in 0.004056 seconds.
Begin MonoManager ReloadAssembly
Native extension for WindowsStandalone target not found
Native extension for WebGL target not found
Refreshing native plugins compatible for Editor in 0.76 ms, found 0 plugins.
Preloading 0 native plugins for Editor in 0.00 ms.
Invoked RoslynAnalysisRunner static constructor.
RoslynAnalysisRunner will not be running.
RoslynAnalysisRunner has terminated.
Mono: successfully reloaded assembly
- Completed reload, in 21.936 seconds
Platform modules already initialized, skipping
Refreshing native plugins compatible for Editor in 0.87 ms, found 0 plugins.
Preloading 0 native plugins for Editor in 0.00 ms.
Unloading 1112 Unused Serialized files (Serialized files now loaded: 0)
System memory in use before: 60.6 MB.
System memory in use after: 60.7 MB.

Unloading 4 unused Assets to reduce memory usage. Loaded Objects now: 1627.
Total: 3.599100 ms (FindLiveObjects: 0.302800 ms CreateObjectMapping: 0.103100 ms MarkObjects: 3.159500 ms  DeleteObjects: 0.029700 ms)

========================================================================
Received Import Request.
  Time since last request: 1972.488577 seconds.
  path: Assets/Scripts/Jugador.cs
  artifactKey: Guid(4a71e3ef0ecba3847b0012d2f9974634) Importer(815301076,1909f56bfc062723c751e8b465ee728b)
Start importing Assets/Scripts/Jugador.cs using Guid(4a71e3ef0ecba3847b0012d2f9974634) Importer(815301076,1909f56bfc062723c751e8b465ee728b)  -> (artifact id: 'd7840971a33bf884a097c599b70bb4c2') in 0.109387 seconds
  Import took 0.139018 seconds .

========================================================================
Received Prepare
Registering precompiled user dll's ...
Registered in 0.001648 seconds.
Begin MonoManager ReloadAssembly
Native extension for WindowsStandalone target not found
Native extension for WebGL target not found
Refreshing native plugins compatible for Editor in 0.41 ms, found 0 plugins.
Preloading 0 native plugins for Editor in 0.00 ms.
Invoked RoslynAnalysisRunner static constructor.
RoslynAnalysisRunner will not be running.
RoslynAnalysisRunner has terminated.
Mono: successfully reloaded assembly
- Completed reload, in  3.115 seconds
Platform modules already initialized, skipping
Refreshing native plugins compatible for Editor in 0.56 ms, found 0 plugins.
Preloading 0 native plugins for Editor in 0.00 ms.
Unloading 1112 Unused Serialized files (Serialized files now loaded: 0)
System memory in use before: 60.6 MB.
System memory in use after: 60.7 MB.

Unloading 4 unused Assets to reduce memory usage. Loaded Objects now: 1630.
Total: 3.172900 ms (FindLiveObjects: 0.346900 ms CreateObjectMapping: 0.092400 ms MarkObjects: 2.697100 ms  DeleteObjects: 0.033100 ms)

========================================================================
Received Prepare
Registering precompiled user dll's ...
Registered in 0.001907 seconds.
Begin MonoManager ReloadAssembly
Native extension for WindowsStandalone target not found
Native extension for WebGL target not found
Refreshing native plugins compatible for Editor in 0.37 ms, found 0 plugins.
Preloading 0 native plugins for Editor in 0.00 ms.
Invoked RoslynAnalysisRunner static constructor.
RoslynAnalysisRunner will not be running.
RoslynAnalysisRunner has terminated.
Mono: successfully reloaded assembly
- Completed reload, in  2.127 seconds
Platform modules already initialized, skipping
Refreshing native plugins compatible for Editor in 0.61 ms, found 0 plugins.
Preloading 0 native plugins for Editor in 0.00 ms.
Unloading 1112 Unused Serialized files (Serialized files now loaded: 0)
System memory in use before: 60.6 MB.
System memory in use after: 60.7 MB.

Unloading 4 unused Assets to reduce memory usage. Loaded Objects now: 1633.
Total: 4.514700 ms (FindLiveObjects: 0.332000 ms CreateObjectMapping: 0.110400 ms MarkObjects: 4.031500 ms  DeleteObjects: 0.037200 ms)

========================================================================
Received Import Request.
  Time since last request: 185.668104 seconds.
  path: Assets/Scripts/Jugador 3.cs
  artifactKey: Guid(4a71e3ef0ecba3847b0012d2f9974634) Importer(815301076,1909f56bfc062723c751e8b465ee728b)
Start importing Assets/Scripts/Jugador 3.cs using Guid(4a71e3ef0ecba3847b0012d2f9974634) Importer(815301076,1909f56bfc062723c751e8b465ee728b)  -> (artifact id: 'b41a999864a3dbf3c12039eda36a40bb') in 0.041506 seconds
  Import took 0.070225 seconds .

========================================================================
Received Prepare
Registering precompiled user dll's ...
Registered in 0.086635 seconds.
Begin MonoManager ReloadAssembly
Native extension for WindowsStandalone target not found
Native extension for WebGL target not found
Refreshing native plugins compatible for Editor in 0.57 ms, found 0 plugins.
Preloading 0 native plugins for Editor in 0.00 ms.
Invoked RoslynAnalysisRunner static constructor.
RoslynAnalysisRunner will not be running.
RoslynAnalysisRunner has terminated.
Mono: successfully reloaded assembly
- Completed reload, in  5.942 seconds
Platform modules already initialized, skipping
Refreshing native plugins compatible for Editor in 0.60 ms, found 0 plugins.
Preloading 0 native plugins for Editor in 0.00 ms.
Unloading 1112 Unused Serialized files (Serialized files now loaded: 0)
System memory in use before: 60.6 MB.
System memory in use after: 60.7 MB.

Unloading 4 unused Assets to reduce memory usage. Loaded Objects now: 1636.
Total: 8.627300 ms (FindLiveObjects: 0.423500 ms CreateObjectMapping: 0.136000 ms MarkObjects: 7.932500 ms  DeleteObjects: 0.131300 ms)

========================================================================
Received Import Request.
  Time since last request: 368.588289 seconds.
  path: Assets/Scripts/Jugador_3.cs
  artifactKey: Guid(4a71e3ef0ecba3847b0012d2f9974634) Importer(815301076,1909f56bfc062723c751e8b465ee728b)
Start importing Assets/Scripts/Jugador_3.cs using Guid(4a71e3ef0ecba3847b0012d2f9974634) Importer(815301076,1909f56bfc062723c751e8b465ee728b)  -> (artifact id: '37561350f48684b0576345e66c672054') in 0.208721 seconds
  Import took 0.259844 seconds .

========================================================================
Received Prepare
Registering precompiled user dll's ...
Registered in 0.002840 seconds.
Begin MonoManager ReloadAssembly
Native extension for WindowsStandalone target not found
Native extension for WebGL target not found
Refreshing native plugins compatible for Editor in 0.63 ms, found 0 plugins.
Preloading 0 native plugins for Editor in 0.00 ms.
Invoked RoslynAnalysisRunner static constructor.
RoslynAnalysisRunner will not be running.
RoslynAnalysisRunner has terminated.
Mono: successfully reloaded assembly
- Completed reload, in  3.042 seconds
Platform modules already initialized, skipping
Refreshing native plugins compatible for Editor in 0.56 ms, found 0 plugins.
Preloading 0 native plugins for Editor in 0.00 ms.
Unloading 1112 Unused Serialized files (Serialized files now loaded: 0)
System memory in use before: 60.6 MB.
System memory in use after: 60.7 MB.

Unloading 4 unused Assets to reduce memory usage. Loaded Objects now: 1639.
Total: 5.113300 ms (FindLiveObjects: 0.508700 ms CreateObjectMapping: 0.204600 ms MarkObjects: 4.354200 ms  DeleteObjects: 0.041800 ms)

========================================================================
Received Prepare
Registering precompiled user dll's ...
Registered in 0.002220 seconds.
Begin MonoManager ReloadAssembly
Native extension for WindowsStandalone target not found
Native extension for WebGL target not found
Refreshing native plugins compatible for Editor in 0.36 ms, found 0 plugins.
Preloading 0 native plugins for Editor in 0.00 ms.
Invoked RoslynAnalysisRunner static constructor.
RoslynAnalysisRunner will not be running.
RoslynAnalysisRunner has terminated.
Mono: successfully reloaded assembly
- Completed reload, in  2.523 seconds
Platform modules already initialized, skipping
Refreshing native plugins compatible for Editor in 56.56 ms, found 0 plugins.
Preloading 0 native plugins for Editor in 0.00 ms.
Unloading 1112 Unused Serialized files (Serialized files now loaded: 0)
System memory in use before: 60.6 MB.
System memory in use after: 60.7 MB.

Unloading 4 unused Assets to reduce memory usage. Loaded Objects now: 1642.
Total: 5.397600 ms (FindLiveObjects: 0.443100 ms CreateObjectMapping: 0.184500 ms MarkObjects: 4.727100 ms  DeleteObjects: 0.038700 ms)

========================================================================
Received Import Request.
  Time since last request: 51.337734 seconds.
  path: Assets/Scripts/Jugador_3.cs
  artifactKey: Guid(4a71e3ef0ecba3847b0012d2f9974634) Importer(815301076,1909f56bfc062723c751e8b465ee728b)
Start importing Assets/Scripts/Jugador_3.cs using Guid(4a71e3ef0ecba3847b0012d2f9974634) Importer(815301076,1909f56bfc062723c751e8b465ee728b)  -> (artifact id: '147271f95da568de3bb044f5174cd466') in 0.028768 seconds
  Import took 0.035606 seconds .

========================================================================
Received Prepare
Registering precompiled user dll's ...
Registered in 0.001805 seconds.
Begin MonoManager ReloadAssembly
Native extension for WindowsStandalone target not found
Native extension for WebGL target not found
Refreshing native plugins compatible for Editor in 0.36 ms, found 0 plugins.
Preloading 0 native plugins for Editor in 0.00 ms.
Invoked RoslynAnalysisRunner static constructor.
RoslynAnalysisRunner will not be running.
RoslynAnalysisRunner has terminated.
Mono: successfully reloaded assembly
- Completed reload, in  2.271 seconds
Platform modules already initialized, skipping
Refreshing native plugins compatible for Editor in 0.57 ms, found 0 plugins.
Preloading 0 native plugins for Editor in 0.00 ms.
Unloading 1112 Unused Serialized files (Serialized files now loaded: 0)
System memory in use before: 60.6 MB.
System memory in use after: 60.7 MB.

Unloading 4 unused Assets to reduce memory usage. Loaded Objects now: 1645.
Total: 4.743000 ms (FindLiveObjects: 0.353600 ms CreateObjectMapping: 0.113800 ms MarkObjects: 4.232500 ms  DeleteObjects: 0.039600 ms)

========================================================================
Received Import Request.
  Time since last request: 306.215871 seconds.
  path: Assets
  artifactKey: Guid(00000000000000001000000000000000) Importer(815301076,1909f56bfc062723c751e8b465ee728b)
Start importing Assets using Guid(00000000000000001000000000000000) Importer(815301076,1909f56bfc062723c751e8b465ee728b)  -> (artifact id: '819a33a9bd799f71faca6db75e8a216c') in 0.065314 seconds
  Import took 0.085992 seconds .

========================================================================
Received Import Request.
  Time since last request: 10.775025 seconds.
  path: Assets/Materiales
  artifactKey: Guid(356d70f6a429f6d41978ffffb3652d73) Importer(815301076,1909f56bfc062723c751e8b465ee728b)
Start importing Assets/Materiales using Guid(356d70f6a429f6d41978ffffb3652d73) Importer(815301076,1909f56bfc062723c751e8b465ee728b)  -> (artifact id: 'f70217833735ea35b8cca7fb8b27972d') in 0.055383 seconds
  Import took 0.065326 seconds .

========================================================================
Received Import Request.
  Time since last request: 40.483342 seconds.
  path: Assets/Materiales/New Material.mat
  artifactKey: Guid(46b286cbbaf08094c98bc27d6bd610a2) Importer(815301076,1909f56bfc062723c751e8b465ee728b)
Start importing Assets/Materiales/New Material.mat using Guid(46b286cbbaf08094c98bc27d6bd610a2) Importer(815301076,1909f56bfc062723c751e8b465ee728b)  -> (artifact id: '5bec268433bd0cb22cae2ccd211c84a4') in 3.305348 seconds
  Import took 3.347353 seconds .

========================================================================
Received Import Request.
  Time since last request: 643.160144 seconds.
  path: Assets/Decoracion/Jugador 3/materials.mtl
  artifactKey: Guid(8412be6d9af6ac84e80533c7ed1c4198) Importer(815301076,1909f56bfc062723c751e8b465ee728b)
Start importing Assets/Decoracion/Jugador 3/materials.mtl using Guid(8412be6d9af6ac84e80533c7ed1c4198) Importer(815301076,1909f56bfc062723c751e8b465ee728b)  -> (artifact id: 'b153d5aabd100a46a52e17f47b2d2155') in 0.083416 seconds
  Import took 0.090199 seconds .

========================================================================
Received Prepare
Registering precompiled user dll's ...
Registered in 0.001755 seconds.
Begin MonoManager ReloadAssembly
Native extension for WindowsStandalone target not found
Native extension for WebGL target not found
Refreshing native plugins compatible for Editor in 0.42 ms, found 0 plugins.
Preloading 0 native plugins for Editor in 0.00 ms.
Invoked RoslynAnalysisRunner static constructor.
RoslynAnalysisRunner will not be running.
RoslynAnalysisRunner has terminated.
Mono: successfully reloaded assembly
- Completed reload, in  2.176 seconds
Platform modules already initialized, skipping
Refreshing native plugins compatible for Editor in 0.57 ms, found 0 plugins.
Preloading 0 native plugins for Editor in 0.00 ms.
Unloading 1112 Unused Serialized files (Serialized files now loaded: 0)
System memory in use before: 60.6 MB.
System memory in use after: 60.7 MB.

Unloading 4 unused Assets to reduce memory usage. Loaded Objects now: 1649.
Total: 3.183500 ms (FindLiveObjects: 0.213800 ms CreateObjectMapping: 0.084000 ms MarkObjects: 2.854200 ms  DeleteObjects: 0.028900 ms)

========================================================================
Received Prepare
Registering precompiled user dll's ...
Registered in 0.001913 seconds.
Begin MonoManager ReloadAssembly
Native extension for WindowsStandalone target not found
Native extension for WebGL target not found
Refreshing native plugins compatible for Editor in 0.42 ms, found 0 plugins.
Preloading 0 native plugins for Editor in 0.00 ms.
Invoked RoslynAnalysisRunner static constructor.
RoslynAnalysisRunner will not be running.
RoslynAnalysisRunner has terminated.
Mono: successfully reloaded assembly
- Completed reload, in  2.407 seconds
Platform modules already initialized, skipping
Refreshing native plugins compatible for Editor in 0.56 ms, found 0 plugins.
Preloading 0 native plugins for Editor in 0.00 ms.
Unloading 1112 Unused Serialized files (Serialized files now loaded: 0)
System memory in use before: 60.6 MB.
System memory in use after: 60.7 MB.

Unloading 4 unused Assets to reduce memory usage. Loaded Objects now: 1652.
Total: 4.609400 ms (FindLiveObjects: 0.469800 ms CreateObjectMapping: 0.187900 ms MarkObjects: 3.913800 ms  DeleteObjects: 0.034100 ms)

========================================================================
Received Import Request.
  Time since last request: 1597.672470 seconds.
  path: Assets/Decoracion/Jugador 3/tire.obj
  artifactKey: Guid(d08e24c151c8b074ebc8e2e492f4a3a5) Importer(815301076,1909f56bfc062723c751e8b465ee728b)
Start importing Assets/Decoracion/Jugador 3/tire.obj using Guid(d08e24c151c8b074ebc8e2e492f4a3a5) Importer(815301076,1909f56bfc062723c751e8b465ee728b)  -> (artifact id: 'f4b68396d049c075ee46b3ba5196e6b3') in 0.713101 seconds
  Import took 0.770167 seconds .

========================================================================
Received Import Request.
  Time since last request: 452.794632 seconds.
  path: Assets/Scripts/Camara.cs
  artifactKey: Guid(b1d2e67d1554a7543916697ce6c465c1) Importer(815301076,1909f56bfc062723c751e8b465ee728b)
Start importing Assets/Scripts/Camara.cs using Guid(b1d2e67d1554a7543916697ce6c465c1) Importer(815301076,1909f56bfc062723c751e8b465ee728b)  -> (artifact id: 'd38167b74aa80974710acebe2d9b1c04') in 0.062717 seconds
  Import took 0.094562 seconds .

========================================================================
Received Prepare
Registering precompiled user dll's ...
Registered in 0.001442 seconds.
Begin MonoManager ReloadAssembly
Native extension for WindowsStandalone target not found
Native extension for WebGL target not found
Refreshing native plugins compatible for Editor in 0.36 ms, found 0 plugins.
Preloading 0 native plugins for Editor in 0.00 ms.
Invoked RoslynAnalysisRunner static constructor.
RoslynAnalysisRunner will not be running.
RoslynAnalysisRunner has terminated.
Mono: successfully reloaded assembly
- Completed reload, in  2.023 seconds
Platform modules already initialized, skipping
Refreshing native plugins compatible for Editor in 0.48 ms, found 0 plugins.
Preloading 0 native plugins for Editor in 0.00 ms.
Unloading 1112 Unused Serialized files (Serialized files now loaded: 0)
System memory in use before: 60.7 MB.
System memory in use after: 60.8 MB.

Unloading 4 unused Assets to reduce memory usage. Loaded Objects now: 1656.
Total: 3.939100 ms (FindLiveObjects: 0.298300 ms CreateObjectMapping: 0.083000 ms MarkObjects: 3.490700 ms  DeleteObjects: 0.063600 ms)

========================================================================
Received Import Request.
  Time since last request: 487.171767 seconds.
  path: Assets/Materiales/New Material.mat
  artifactKey: Guid(46b286cbbaf08094c98bc27d6bd610a2) Importer(815301076,1909f56bfc062723c751e8b465ee728b)
Start importing Assets/Materiales/New Material.mat using Guid(46b286cbbaf08094c98bc27d6bd610a2) Importer(815301076,1909f56bfc062723c751e8b465ee728b)  -> (artifact id: '68e6fbd90bcb698f1ac2473eefb86e55') in 0.229808 seconds
  Import took 0.266312 seconds .

========================================================================
Received Prepare
Registering precompiled user dll's ...
Registered in 0.001782 seconds.
Begin MonoManager ReloadAssembly
Native extension for WindowsStandalone target not found
Native extension for WebGL target not found
Refreshing native plugins compatible for Editor in 0.57 ms, found 0 plugins.
Preloading 0 native plugins for Editor in 0.00 ms.
Invoked RoslynAnalysisRunner static constructor.
RoslynAnalysisRunner will not be running.
RoslynAnalysisRunner has terminated.
Mono: successfully reloaded assembly
- Completed reload, in  2.669 seconds
Platform modules already initialized, skipping
Refreshing native plugins compatible for Editor in 0.59 ms, found 0 plugins.
Preloading 0 native plugins for Editor in 0.00 ms.
Unloading 1112 Unused Serialized files (Serialized files now loaded: 0)
System memory in use before: 60.7 MB.
System memory in use after: 60.8 MB.

Unloading 4 unused Assets to reduce memory usage. Loaded Objects now: 1660.
Total: 4.509900 ms (FindLiveObjects: 0.359800 ms CreateObjectMapping: 0.117600 ms MarkObjects: 3.991700 ms  DeleteObjects: 0.037000 ms)

