Using pre-set license
Built from '2020.3/release' branch; Version is '2020.3.2f1 (8fd9074bf66c) revision 9427207'; Using compiler version '192528614'; Build Type 'Release'
OS: 'Windows 10 Home Single Language; OS build 18363.1379; Version 1909; 64bit' Language: 'es' Physical Memory: 3920 MB
BatchMode: 1, IsHumanControllingUs: 0, StartBugReporterOnCrash: 0, Is64bit: 1, IsPro: 0

 COMMAND LINE ARGUMENTS:
C:\Program Files\Unity\Hub\Editor\2020.3.2f1\Editor\Unity.exe
-adb2
-batchMode
-noUpm
-name
AssetImportWorker3
-projectPath
C:/Users/Himelda/Documents/GitHub/Epic-Wheel
-logFile
Logs/AssetImportWorker3.log
-srvPort
52391
Successfully changed project path to: C:/Users/Himelda/Documents/GitHub/Epic-Wheel
C:/Users/Himelda/Documents/GitHub/Epic-Wheel
Using Asset Import Pipeline V2.
Refreshing native plugins compatible for Editor in 348.05 ms, found 0 plugins.
Preloading 0 native plugins for Editor in 0.00 ms.
Initialize engine version: 2020.3.2f1 (8fd9074bf66c)
[Subsystems] Discovering subsystems at path C:/Program Files/Unity/Hub/Editor/2020.3.2f1/Editor/Data/Resources/UnitySubsystems
[Subsystems] Discovering subsystems at path C:/Users/Himelda/Documents/GitHub/Epic-Wheel/Assets
GfxDevice: creating device client; threaded=0
Direct3D:
    Version:  Direct3D 11.0 [level 11.1]
    Renderer: Intel(R) HD Graphics 500 (ID=0x5a85)
    Vendor:   
    VRAM:     1960 MB
    Driver:   27.20.100.8681
Initialize mono
Mono path[0] = 'C:/Program Files/Unity/Hub/Editor/2020.3.2f1/Editor/Data/Managed'
Mono path[1] = 'C:/Program Files/Unity/Hub/Editor/2020.3.2f1/Editor/Data/MonoBleedingEdge/lib/mono/unityjit'
Mono config path = 'C:/Program Files/Unity/Hub/Editor/2020.3.2f1/Editor/Data/MonoBleedingEdge/etc'
Using monoOptions --debugger-agent=transport=dt_socket,embedding=1,server=y,suspend=n,address=127.0.0.1:56672
Begin MonoManager ReloadAssembly
Registering precompiled unity dll's ...
Register platform support module: C:/Program Files/Unity/Hub/Editor/2020.3.2f1/Editor/Data/PlaybackEngines/WebGLSupport/UnityEditor.WebGL.Extensions.dll
Register platform support module: C:/Program Files/Unity/Hub/Editor/2020.3.2f1/Editor/Data/PlaybackEngines/WindowsStandaloneSupport/UnityEditor.WindowsStandalone.Extensions.dll
Registered in 0.008395 seconds.
Native extension for WindowsStandalone target not found
Native extension for WebGL target not found
Refreshing native plugins compatible for Editor in 106.23 ms, found 0 plugins.
Preloading 0 native plugins for Editor in 0.00 ms.
Invoked RoslynAnalysisRunner static constructor.
RoslynAnalysisRunner will not be running.
RoslynAnalysisRunner has terminated.
Mono: successfully reloaded assembly
- Completed reload, in 10.029 seconds
Platform modules already initialized, skipping
Registering precompiled user dll's ...
Registered in 0.002903 seconds.
Begin MonoManager ReloadAssembly
Native extension for WindowsStandalone target not found
Native extension for WebGL target not found
Refreshing native plugins compatible for Editor in 0.69 ms, found 0 plugins.
Preloading 0 native plugins for Editor in 0.00 ms.
Invoked RoslynAnalysisRunner static constructor.
RoslynAnalysisRunner will not be running.
RoslynAnalysisRunner has terminated.
Mono: successfully reloaded assembly
- Completed reload, in  4.218 seconds
Platform modules already initialized, skipping
========================================================================
Worker process is ready to serve import requests
Launched and connected shader compiler UnityShaderCompiler.exe after 0.70 seconds
Refreshing native plugins compatible for Editor in 0.95 ms, found 0 plugins.
Preloading 0 native plugins for Editor in 0.00 ms.
Unloading 1125 Unused Serialized files (Serialized files now loaded: 0)
System memory in use before: 58.7 MB.
System memory in use after: 58.8 MB.

Unloading 9 unused Assets to reduce memory usage. Loaded Objects now: 1570.
Total: 5.697600 ms (FindLiveObjects: 0.460900 ms CreateObjectMapping: 0.101100 ms MarkObjects: 4.948900 ms  DeleteObjects: 0.182500 ms)

========================================================================
Received Import Request.
  path: Assets/Decoracion/edificios/Skycraper_173.obj
  artifactKey: Guid(a98ed06be0ff9654b9316b71e469e721) Importer(815301076,1909f56bfc062723c751e8b465ee728b)
Start importing Assets/Decoracion/edificios/Skycraper_173.obj using Guid(a98ed06be0ff9654b9316b71e469e721) Importer(815301076,1909f56bfc062723c751e8b465ee728b)  -> (artifact id: 'e6bcd87cbb1ea6143de260176eb1a6b3') in 5.079428 seconds
  Import took 5.097715 seconds .

========================================================================
Received Import Request.
  Time since last request: 0.000539 seconds.
  path: Assets/Scenes/Menu.unity
  artifactKey: Guid(d6b3d264d18cec5408c6edd51c6be5c8) Importer(815301076,1909f56bfc062723c751e8b465ee728b)
Start importing Assets/Scenes/Menu.unity using Guid(d6b3d264d18cec5408c6edd51c6be5c8) Importer(815301076,1909f56bfc062723c751e8b465ee728b)  -> (artifact id: '8fa4ac6618cdfa824b9e1ffede767193') in 0.330197 seconds
  Import took 0.336335 seconds .

========================================================================
Received Import Request.
  Time since last request: 0.000793 seconds.
  path: Assets/Decoracion/Dinosaurio2/Dinosaur_01.obj
  artifactKey: Guid(9dd62599c2ed61c499e9b82bdf018a9e) Importer(815301076,1909f56bfc062723c751e8b465ee728b)
Start importing Assets/Decoracion/Dinosaurio2/Dinosaur_01.obj using Guid(9dd62599c2ed61c499e9b82bdf018a9e) Importer(815301076,1909f56bfc062723c751e8b465ee728b)  -> (artifact id: 'b94b53fd3117bdb37e92f043891d524d') in 0.277572 seconds
  Import took 0.397447 seconds .

========================================================================
Received Import Request.
  Time since last request: 0.027428 seconds.
  path: Assets/Decoracion/archive/Moon_1226.obj
  artifactKey: Guid(669e13d06963ca146a7c98265b1bfb85) Importer(815301076,1909f56bfc062723c751e8b465ee728b)
Start importing Assets/Decoracion/archive/Moon_1226.obj using Guid(669e13d06963ca146a7c98265b1bfb85) Importer(815301076,1909f56bfc062723c751e8b465ee728b)  -> (artifact id: '54a5f26db24dec34c0dc321e17ebfc3a') in 0.408901 seconds
  Import took 0.435837 seconds .

========================================================================
Received Import Request.
  Time since last request: 0.001276 seconds.
  path: Assets/Decoracion/banco/Bank.obj
  artifactKey: Guid(07e2427ed6d5d054e91994e61a4bd2c0) Importer(815301076,1909f56bfc062723c751e8b465ee728b)
Start importing Assets/Decoracion/banco/Bank.obj using Guid(07e2427ed6d5d054e91994e61a4bd2c0) Importer(815301076,1909f56bfc062723c751e8b465ee728b)  -> (artifact id: '18db85c1e41d8445aad2331f776790a9') in 5.955771 seconds
  Import took 6.018249 seconds .

========================================================================
Received Import Request.
  Time since last request: 0.000584 seconds.
  path: Assets/Decoracion/Dinosaurio3/dinosaurs_02.obj
  artifactKey: Guid(ae9423c3fdb587840a89153e160382b1) Importer(815301076,1909f56bfc062723c751e8b465ee728b)
Start importing Assets/Decoracion/Dinosaurio3/dinosaurs_02.obj using Guid(ae9423c3fdb587840a89153e160382b1) Importer(815301076,1909f56bfc062723c751e8b465ee728b)  -> (artifact id: '072cd250cdfffa8674e4901b8d857066') in 0.292487 seconds
  Import took 0.380179 seconds .

========================================================================
Received Import Request.
  Time since last request: 0.148379 seconds.
  path: Assets/Decoracion/edificios/Factory_1266.obj
  artifactKey: Guid(6e81e183186b9574d9df4bc9188ae57f) Importer(815301076,1909f56bfc062723c751e8b465ee728b)
Start importing Assets/Decoracion/edificios/Factory_1266.obj using Guid(6e81e183186b9574d9df4bc9188ae57f) Importer(815301076,1909f56bfc062723c751e8b465ee728b)  -> (artifact id: '7afd737b49b0709424c9122111b3dd83') in 0.528815 seconds
  Import took 0.566196 seconds .

========================================================================
Received Prepare
Registering precompiled user dll's ...
Registered in 0.005813 seconds.
Begin MonoManager ReloadAssembly
Native extension for WindowsStandalone target not found
Native extension for WebGL target not found
Refreshing native plugins compatible for Editor in 0.70 ms, found 0 plugins.
Preloading 0 native plugins for Editor in 0.00 ms.
Invoked RoslynAnalysisRunner static constructor.
RoslynAnalysisRunner will not be running.
RoslynAnalysisRunner has terminated.
Mono: successfully reloaded assembly
- Completed reload, in  8.362 seconds
Platform modules already initialized, skipping
Refreshing native plugins compatible for Editor in 0.67 ms, found 0 plugins.
Preloading 0 native plugins for Editor in 0.00 ms.
Unloading 1119 Unused Serialized files (Serialized files now loaded: 0)
System memory in use before: 62.3 MB.
System memory in use after: 62.4 MB.

Unloading 4 unused Assets to reduce memory usage. Loaded Objects now: 1616.
Total: 4.901800 ms (FindLiveObjects: 0.467500 ms CreateObjectMapping: 0.124000 ms MarkObjects: 4.222400 ms  DeleteObjects: 0.083300 ms)

========================================================================
Received Import Request.
  Time since last request: 941.534364 seconds.
  path: Assets/Scripts/ContolN1.cs
  artifactKey: Guid(eaa444305d6190f42b7d957c168efae9) Importer(815301076,1909f56bfc062723c751e8b465ee728b)
Start importing Assets/Scripts/ContolN1.cs using Guid(eaa444305d6190f42b7d957c168efae9) Importer(815301076,1909f56bfc062723c751e8b465ee728b)  -> (artifact id: '836fadd4584450a06ced87405906a752') in 10.807911 seconds
  Import took 10.847949 seconds .

