Using pre-set license
Built from '2020.3/release' branch; Version is '2020.3.2f1 (8fd9074bf66c) revision 9427207'; Using compiler version '192528614'; Build Type 'Release'
OS: 'Windows 10 Pro; OS build 18363.1256; Version 1909; 64bit' Language: 'es' Physical Memory: 7094 MB
BatchMode: 1, IsHumanControllingUs: 0, StartBugReporterOnCrash: 0, Is64bit: 1, IsPro: 0

 COMMAND LINE ARGUMENTS:
C:\Program Files\Unity\Hub\Editor\2020.3.2f1\Editor\Unity.exe
-adb2
-batchMode
-noUpm
-name
AssetImportWorker0
-projectPath
C:/Users/elfue/OneDrive/Documentos/GitHub/Epic-Wheel
-logFile
Logs/AssetImportWorker0.log
-srvPort
57213
Successfully changed project path to: C:/Users/elfue/OneDrive/Documentos/GitHub/Epic-Wheel
C:/Users/elfue/OneDrive/Documentos/GitHub/Epic-Wheel
Using Asset Import Pipeline V2.
Refreshing native plugins compatible for Editor in 59.24 ms, found 0 plugins.
Preloading 0 native plugins for Editor in 0.00 ms.
Initialize engine version: 2020.3.2f1 (8fd9074bf66c)
[Subsystems] Discovering subsystems at path C:/Program Files/Unity/Hub/Editor/2020.3.2f1/Editor/Data/Resources/UnitySubsystems
[Subsystems] Discovering subsystems at path C:/Users/elfue/OneDrive/Documentos/GitHub/Epic-Wheel/Assets
GfxDevice: creating device client; threaded=0
Direct3D:
    Version:  Direct3D 11.0 [level 11.1]
    Renderer: AMD Radeon(TM) Vega 8 Graphics (ID=0x15dd)
    Vendor:   
    VRAM:     3547 MB
    Driver:   27.20.12033.1007
Initialize mono
Mono path[0] = 'C:/Program Files/Unity/Hub/Editor/2020.3.2f1/Editor/Data/Managed'
Mono path[1] = 'C:/Program Files/Unity/Hub/Editor/2020.3.2f1/Editor/Data/MonoBleedingEdge/lib/mono/unityjit'
Mono config path = 'C:/Program Files/Unity/Hub/Editor/2020.3.2f1/Editor/Data/MonoBleedingEdge/etc'
Using monoOptions --debugger-agent=transport=dt_socket,embedding=1,server=y,suspend=n,address=127.0.0.1:56276
Begin MonoManager ReloadAssembly
Registering precompiled unity dll's ...
Register platform support module: C:/Program Files/Unity/Hub/Editor/2020.3.2f1/Editor/Data/PlaybackEngines/WebGLSupport/UnityEditor.WebGL.Extensions.dll
Register platform support module: C:/Program Files/Unity/Hub/Editor/2020.3.2f1/Editor/Data/PlaybackEngines/WindowsStandaloneSupport/UnityEditor.WindowsStandalone.Extensions.dll
Registered in 0.003332 seconds.
Native extension for WindowsStandalone target not found
Native extension for WebGL target not found
Refreshing native plugins compatible for Editor in 40.98 ms, found 0 plugins.
Preloading 0 native plugins for Editor in 0.00 ms.
Invoked RoslynAnalysisRunner static constructor.
RoslynAnalysisRunner will not be running.
RoslynAnalysisRunner has terminated.
Mono: successfully reloaded assembly
- Completed reload, in  2.456 seconds
Platform modules already initialized, skipping
Registering precompiled user dll's ...
Registered in 0.002919 seconds.
Begin MonoManager ReloadAssembly
Native extension for WindowsStandalone target not found
Native extension for WebGL target not found
Refreshing native plugins compatible for Editor in 0.28 ms, found 0 plugins.
Preloading 0 native plugins for Editor in 0.00 ms.
Invoked RoslynAnalysisRunner static constructor.
RoslynAnalysisRunner will not be running.
RoslynAnalysisRunner has terminated.
Mono: successfully reloaded assembly
- Completed reload, in  2.315 seconds
Platform modules already initialized, skipping
========================================================================
Worker process is ready to serve import requests
Launched and connected shader compiler UnityShaderCompiler.exe after 0.35 seconds
Refreshing native plugins compatible for Editor in 0.37 ms, found 0 plugins.
Preloading 0 native plugins for Editor in 0.00 ms.
Unloading 1124 Unused Serialized files (Serialized files now loaded: 0)
System memory in use before: 57.6 MB.
System memory in use after: 57.6 MB.

Unloading 9 unused Assets to reduce memory usage. Loaded Objects now: 1569.
Total: 6.009300 ms (FindLiveObjects: 1.667600 ms CreateObjectMapping: 0.153900 ms MarkObjects: 3.997800 ms  DeleteObjects: 0.179400 ms)

========================================================================
Received Import Request.
  path: Assets/Scenes/Nivel 4.unity
  artifactKey: Guid(28ace03bd9e2ae44dbb58da961feeda9) Importer(815301076,1909f56bfc062723c751e8b465ee728b)
Start importing Assets/Scenes/Nivel 4.unity using Guid(28ace03bd9e2ae44dbb58da961feeda9) Importer(815301076,1909f56bfc062723c751e8b465ee728b)  -> (artifact id: '1bc0cc79c765eaa623a05dbf9b025b9c') in 0.145407 seconds
  Import took 0.148863 seconds .

========================================================================
Received Import Request.
  Time since last request: 207.538753 seconds.
  path: Assets/Scenes/Nivel 2.unity
  artifactKey: Guid(e4eaf0a14bda04341969fb4f3613f006) Importer(815301076,1909f56bfc062723c751e8b465ee728b)
Start importing Assets/Scenes/Nivel 2.unity using Guid(e4eaf0a14bda04341969fb4f3613f006) Importer(815301076,1909f56bfc062723c751e8b465ee728b)  -> (artifact id: '8d8a7fed710a11aa9015f5d5efcc3aaa') in 0.014864 seconds
  Import took 0.039532 seconds .

========================================================================
Received Import Request.
  Time since last request: 26.792323 seconds.
  path: Assets/Prefabs/board1.png
  artifactKey: Guid(d7763e04b41621a42afebcd09e757abd) Importer(815301076,1909f56bfc062723c751e8b465ee728b)
Start importing Assets/Prefabs/board1.png using Guid(d7763e04b41621a42afebcd09e757abd) Importer(815301076,1909f56bfc062723c751e8b465ee728b)  -> (artifact id: 'ac0b48cf2bd5611ae31835d4df1d6185') in 0.340599 seconds
  Import took 0.367552 seconds .

========================================================================
Received Import Request.
  Time since last request: 0.000201 seconds.
  path: Assets/Prefabs/sign3.png
  artifactKey: Guid(824fbcbe05136ad4eb35ecd803899165) Importer(815301076,1909f56bfc062723c751e8b465ee728b)
Start importing Assets/Prefabs/sign3.png using Guid(824fbcbe05136ad4eb35ecd803899165) Importer(815301076,1909f56bfc062723c751e8b465ee728b)  -> (artifact id: '8122a5725295792f9fed8024ae72a397') in 0.039720 seconds
  Import took 0.070829 seconds .

========================================================================
Received Import Request.
  Time since last request: 0.000215 seconds.
  path: Assets/Prefabs/city.obj
  artifactKey: Guid(67b53b3ddb273d4498540c4005394c8b) Importer(815301076,1909f56bfc062723c751e8b465ee728b)
Start importing Assets/Prefabs/city.obj using Guid(67b53b3ddb273d4498540c4005394c8b) Importer(815301076,1909f56bfc062723c751e8b465ee728b)  -> (artifact id: 'caf6611becc13b6174b713f98f631d63') in 0.837897 seconds
  Import took 0.851005 seconds .

========================================================================
Received Import Request.
  Time since last request: 0.000257 seconds.
  path: Assets/Prefabs/Canvas.prefab
  artifactKey: Guid(d2d46952c4c091744af4a08212d292ae) Importer(815301076,1909f56bfc062723c751e8b465ee728b)
Start importing Assets/Prefabs/Canvas.prefab using Guid(d2d46952c4c091744af4a08212d292ae) Importer(815301076,1909f56bfc062723c751e8b465ee728b)  -> (artifact id: 'b1a0a7931b32fd158c1d5eadc1a7b015') in 0.063127 seconds
  Import took 0.087318 seconds .

========================================================================
Received Import Request.
  Time since last request: 0.000207 seconds.
  path: Assets/Prefabs/board2.png
  artifactKey: Guid(a44bc99c832450e469856af4b98092ae) Importer(815301076,1909f56bfc062723c751e8b465ee728b)
Start importing Assets/Prefabs/board2.png using Guid(a44bc99c832450e469856af4b98092ae) Importer(815301076,1909f56bfc062723c751e8b465ee728b)  -> (artifact id: '4096c5d2c7d07c72787b7d09a3930be1') in 0.029888 seconds
  Import took 0.033430 seconds .

========================================================================
Received Import Request.
  Time since last request: 0.000296 seconds.
  path: Assets/Prefabs/sign5.png
  artifactKey: Guid(96be4d07e5c6ca14980db7a7131d463a) Importer(815301076,1909f56bfc062723c751e8b465ee728b)
Start importing Assets/Prefabs/sign5.png using Guid(96be4d07e5c6ca14980db7a7131d463a) Importer(815301076,1909f56bfc062723c751e8b465ee728b)  -> (artifact id: '14833229b2666cbe87a0af664ce533da') in 0.026498 seconds
  Import took 0.030444 seconds .

========================================================================
Received Import Request.
  Time since last request: 0.000195 seconds.
  path: Assets/Prefabs/sign2.png
  artifactKey: Guid(992ff52573474034689c814d6c301e8e) Importer(815301076,1909f56bfc062723c751e8b465ee728b)
Start importing Assets/Prefabs/sign2.png using Guid(992ff52573474034689c814d6c301e8e) Importer(815301076,1909f56bfc062723c751e8b465ee728b)  -> (artifact id: 'a315333baa355c42c055772e6f34df72') in 0.024006 seconds
  Import took 0.033654 seconds .

========================================================================
Received Import Request.
  Time since last request: 0.000230 seconds.
  path: Assets/Prefabs/sign6.png
  artifactKey: Guid(8a8f31655e8d6d5468d041793a533d23) Importer(815301076,1909f56bfc062723c751e8b465ee728b)
Start importing Assets/Prefabs/sign6.png using Guid(8a8f31655e8d6d5468d041793a533d23) Importer(815301076,1909f56bfc062723c751e8b465ee728b)  -> (artifact id: '4e674d56d74185a92c6b029d0d6ca340') in 0.026342 seconds
  Import took 0.030220 seconds .

========================================================================
Received Import Request.
  Time since last request: 0.000246 seconds.
  path: Assets/Prefabs/sign1.png
  artifactKey: Guid(710c1af28593bbc47b04f3a426b9f345) Importer(815301076,1909f56bfc062723c751e8b465ee728b)
Start importing Assets/Prefabs/sign1.png using Guid(710c1af28593bbc47b04f3a426b9f345) Importer(815301076,1909f56bfc062723c751e8b465ee728b)  -> (artifact id: '7f3ee60d78b5f55a488cde5700d53144') in 0.026199 seconds
  Import took 0.028529 seconds .

========================================================================
Received Import Request.
  Time since last request: 0.000648 seconds.
  path: Assets/Prefabs/sign4.png
  artifactKey: Guid(dff5d4bc395b7f84198f740419fd53f7) Importer(815301076,1909f56bfc062723c751e8b465ee728b)
Start importing Assets/Prefabs/sign4.png using Guid(dff5d4bc395b7f84198f740419fd53f7) Importer(815301076,1909f56bfc062723c751e8b465ee728b)  -> (artifact id: 'b57d9547f7821bf12e7866c25362dfc7') in 0.066802 seconds
  Import took 0.091180 seconds .

========================================================================
Received Import Request.
  Time since last request: 0.000248 seconds.
  path: Assets/Prefabs/sign7.png
  artifactKey: Guid(b6ebafbf50d2e3740a756a93807246c4) Importer(815301076,1909f56bfc062723c751e8b465ee728b)
Start importing Assets/Prefabs/sign7.png using Guid(b6ebafbf50d2e3740a756a93807246c4) Importer(815301076,1909f56bfc062723c751e8b465ee728b)  -> (artifact id: 'f65f2bb7e5301e67758060278dd4bf25') in 0.024647 seconds
  Import took 0.031307 seconds .

========================================================================
Received Import Request.
  Time since last request: 23.693252 seconds.
  path: Assets/Scenes/Nivel 1.unity
  artifactKey: Guid(9fc0d4010bbf28b4594072e72b8655ab) Importer(815301076,1909f56bfc062723c751e8b465ee728b)
Start importing Assets/Scenes/Nivel 1.unity using Guid(9fc0d4010bbf28b4594072e72b8655ab) Importer(815301076,1909f56bfc062723c751e8b465ee728b)  -> (artifact id: '8e53d3d542c5ff766a4f8cf7489d27f3') in 0.012767 seconds
  Import took 0.029470 seconds .

========================================================================
Received Import Request.
  Time since last request: 417.324782 seconds.
  path: Assets/Sonidos/86049__nextmaking__sword.aiff
  artifactKey: Guid(a8f95f2bc2fc8452f9ed9744c28829a1) Importer(815301076,1909f56bfc062723c751e8b465ee728b)
Start importing Assets/Sonidos/86049__nextmaking__sword.aiff using Guid(a8f95f2bc2fc8452f9ed9744c28829a1) Importer(815301076,1909f56bfc062723c751e8b465ee728b)  -> (artifact id: '1b85bb3482e7195bcfa30ee639892432') in 0.313449 seconds
  Import took 0.316206 seconds .

========================================================================
Received Import Request.
  Time since last request: 0.000209 seconds.
  path: Assets/Sonidos/Drums of Drakkar vikings and medieval music [No Copyright Music].mp3
  artifactKey: Guid(35085f19500ea445bbd606791413a069) Importer(815301076,1909f56bfc062723c751e8b465ee728b)
Start importing Assets/Sonidos/Drums of Drakkar vikings and medieval music [No Copyright Music].mp3 using Guid(35085f19500ea445bbd606791413a069) Importer(815301076,1909f56bfc062723c751e8b465ee728b)  -> (artifact id: '2c5a0070c13b6a49a6f2cfe3c8953b50') in 0.092891 seconds
  Import took 0.106262 seconds .

========================================================================
Received Import Request.
  Time since last request: 255.669226 seconds.
  path: Assets/Sprites/panel puntos.png
  artifactKey: Guid(fea55f461ccdf44f394832a57205dd00) Importer(815301076,1909f56bfc062723c751e8b465ee728b)
Start importing Assets/Sprites/panel puntos.png using Guid(fea55f461ccdf44f394832a57205dd00) Importer(815301076,1909f56bfc062723c751e8b465ee728b)  -> (artifact id: '3deb8a44c86fb42ef10c22a678c1db37') in 0.055708 seconds
  Import took 0.077497 seconds .

========================================================================
Received Import Request.
  Time since last request: 349.468063 seconds.
  path: ProjectSettings/TagManager.asset
  artifactKey: Guid(00000000000000003000000000000000) Importer(815301076,1909f56bfc062723c751e8b465ee728b)
Start importing ProjectSettings/TagManager.asset using Guid(00000000000000003000000000000000) Importer(815301076,1909f56bfc062723c751e8b465ee728b)  -> (artifact id: 'ebd72b5e43f864eb1244a56e2d2723c5') in 0.013782 seconds
  Import took 0.051630 seconds .

========================================================================
Received Import Request.
  Time since last request: 87.919047 seconds.
  path: Assets/Decoracion/enemigo/11_SKELLINGTON_CHAMPION.obj
  artifactKey: Guid(a10264229e4114560a080c4b6d789e11) Importer(815301076,1909f56bfc062723c751e8b465ee728b)
Start importing Assets/Decoracion/enemigo/11_SKELLINGTON_CHAMPION.obj using Guid(a10264229e4114560a080c4b6d789e11) Importer(815301076,1909f56bfc062723c751e8b465ee728b)  -> (artifact id: '5920507bfd877edf9a99e879066b27e9') in 0.052805 seconds
  Import took 0.112397 seconds .

========================================================================
Received Import Request.
  Time since last request: 0.000448 seconds.
  path: Assets/Decoracion/Puntos/model.obj
  artifactKey: Guid(a7835610635cf49c795f68b59e5b1b0d) Importer(815301076,1909f56bfc062723c751e8b465ee728b)
Start importing Assets/Decoracion/Puntos/model.obj using Guid(a7835610635cf49c795f68b59e5b1b0d) Importer(815301076,1909f56bfc062723c751e8b465ee728b)  -> (artifact id: '3b15abcf57ba3f9ca0cde824c95fda2b') in 0.064125 seconds
  Import took 0.151549 seconds .

========================================================================
Received Import Request.
  Time since last request: 0.001384 seconds.
  path: Assets/Decoracion/enemigo/11_SKELLINGTON_CHAMPION.obj
  artifactKey: Guid(a10264229e4114560a080c4b6d789e11) Importer(815301076,1909f56bfc062723c751e8b465ee728b)
Start importing Assets/Decoracion/enemigo/11_SKELLINGTON_CHAMPION.obj using Guid(a10264229e4114560a080c4b6d789e11) Importer(815301076,1909f56bfc062723c751e8b465ee728b)  -> (artifact id: '5920507bfd877edf9a99e879066b27e9') in 0.059651 seconds
  Import took 0.063214 seconds .

========================================================================
Received Import Request.
  Time since last request: 0.000299 seconds.
  path: Assets/Decoracion/Puntos/model.obj
  artifactKey: Guid(a7835610635cf49c795f68b59e5b1b0d) Importer(815301076,1909f56bfc062723c751e8b465ee728b)
Start importing Assets/Decoracion/Puntos/model.obj using Guid(a7835610635cf49c795f68b59e5b1b0d) Importer(815301076,1909f56bfc062723c751e8b465ee728b)  -> (artifact id: '3b15abcf57ba3f9ca0cde824c95fda2b') in 0.059484 seconds
  Import took 0.062227 seconds .

========================================================================
Received Prepare
Registering precompiled user dll's ...
Registered in 0.000944 seconds.
Begin MonoManager ReloadAssembly
Native extension for WindowsStandalone target not found
Native extension for WebGL target not found
Refreshing native plugins compatible for Editor in 0.44 ms, found 0 plugins.
Preloading 0 native plugins for Editor in 0.00 ms.
Invoked RoslynAnalysisRunner static constructor.
RoslynAnalysisRunner will not be running.
RoslynAnalysisRunner has terminated.
Mono: successfully reloaded assembly
- Completed reload, in  1.347 seconds
Platform modules already initialized, skipping
Refreshing native plugins compatible for Editor in 0.25 ms, found 0 plugins.
Preloading 0 native plugins for Editor in 0.00 ms.
Unloading 1118 Unused Serialized files (Serialized files now loaded: 0)
System memory in use before: 61.1 MB.
System memory in use after: 61.2 MB.

Unloading 5 unused Assets to reduce memory usage. Loaded Objects now: 1624.
Total: 2.091500 ms (FindLiveObjects: 0.168700 ms CreateObjectMapping: 0.030500 ms MarkObjects: 1.868800 ms  DeleteObjects: 0.022000 ms)

========================================================================
Received Import Request.
  Time since last request: 9.500910 seconds.
  path: Assets/Materiales/Cesped.mat
  artifactKey: Guid(809c436ab635cca49b149f8a7b120052) Importer(815301076,1909f56bfc062723c751e8b465ee728b)
Start importing Assets/Materiales/Cesped.mat using Guid(809c436ab635cca49b149f8a7b120052) Importer(815301076,1909f56bfc062723c751e8b465ee728b)  -> (artifact id: 'e0bea30a073dffe99e9d4684e388ea46') in 0.263759 seconds
  Import took 0.320016 seconds .

========================================================================
Received Import Request.
  Time since last request: 182.092408 seconds.
  path: Assets/Scripts/Coins.cs
  artifactKey: Guid(4fb57ca626a45eb4d9d4539bc00f1ed6) Importer(815301076,1909f56bfc062723c751e8b465ee728b)
Start importing Assets/Scripts/Coins.cs using Guid(4fb57ca626a45eb4d9d4539bc00f1ed6) Importer(815301076,1909f56bfc062723c751e8b465ee728b)  -> (artifact id: '37cd7a78bbe0cbe61a9182aaea1401c2') in 0.064468 seconds
  Import took 0.087766 seconds .

========================================================================
Received Prepare
Registering precompiled user dll's ...
Registered in 0.001012 seconds.
Begin MonoManager ReloadAssembly
Native extension for WindowsStandalone target not found
Native extension for WebGL target not found
Refreshing native plugins compatible for Editor in 0.33 ms, found 0 plugins.
Preloading 0 native plugins for Editor in 0.00 ms.
Invoked RoslynAnalysisRunner static constructor.
RoslynAnalysisRunner will not be running.
RoslynAnalysisRunner has terminated.
Mono: successfully reloaded assembly
- Completed reload, in  1.224 seconds
Platform modules already initialized, skipping
Refreshing native plugins compatible for Editor in 0.33 ms, found 0 plugins.
Preloading 0 native plugins for Editor in 0.00 ms.
Unloading 1118 Unused Serialized files (Serialized files now loaded: 0)
System memory in use before: 61.1 MB.
System memory in use after: 61.2 MB.

Unloading 4 unused Assets to reduce memory usage. Loaded Objects now: 1628.
Total: 1.853600 ms (FindLiveObjects: 0.223400 ms CreateObjectMapping: 0.031600 ms MarkObjects: 1.579500 ms  DeleteObjects: 0.017500 ms)

========================================================================
Received Prepare
Registering precompiled user dll's ...
Registered in 0.000996 seconds.
Begin MonoManager ReloadAssembly
Native extension for WindowsStandalone target not found
Native extension for WebGL target not found
Refreshing native plugins compatible for Editor in 0.28 ms, found 0 plugins.
Preloading 0 native plugins for Editor in 0.00 ms.
Invoked RoslynAnalysisRunner static constructor.
RoslynAnalysisRunner will not be running.
RoslynAnalysisRunner has terminated.
Mono: successfully reloaded assembly
- Completed reload, in  1.205 seconds
Platform modules already initialized, skipping
Refreshing native plugins compatible for Editor in 0.27 ms, found 0 plugins.
Preloading 0 native plugins for Editor in 0.00 ms.
Unloading 1118 Unused Serialized files (Serialized files now loaded: 0)
System memory in use before: 61.1 MB.
System memory in use after: 61.2 MB.

Unloading 4 unused Assets to reduce memory usage. Loaded Objects now: 1631.
Total: 2.873100 ms (FindLiveObjects: 0.218100 ms CreateObjectMapping: 0.037500 ms MarkObjects: 2.591700 ms  DeleteObjects: 0.023800 ms)

========================================================================
Received Prepare
Registering precompiled user dll's ...
Registered in 0.000960 seconds.
Begin MonoManager ReloadAssembly
Native extension for WindowsStandalone target not found
Native extension for WebGL target not found
Refreshing native plugins compatible for Editor in 0.27 ms, found 0 plugins.
Preloading 0 native plugins for Editor in 0.00 ms.
Invoked RoslynAnalysisRunner static constructor.
RoslynAnalysisRunner will not be running.
RoslynAnalysisRunner has terminated.
Mono: successfully reloaded assembly
- Completed reload, in  1.149 seconds
Platform modules already initialized, skipping
Refreshing native plugins compatible for Editor in 0.25 ms, found 0 plugins.
Preloading 0 native plugins for Editor in 0.00 ms.
Unloading 1118 Unused Serialized files (Serialized files now loaded: 0)
System memory in use before: 61.1 MB.
System memory in use after: 61.2 MB.

Unloading 4 unused Assets to reduce memory usage. Loaded Objects now: 1634.
Total: 2.591500 ms (FindLiveObjects: 0.176000 ms CreateObjectMapping: 0.034400 ms MarkObjects: 2.364000 ms  DeleteObjects: 0.015600 ms)

========================================================================
Received Prepare
Registering precompiled user dll's ...
Registered in 0.001189 seconds.
Begin MonoManager ReloadAssembly
Native extension for WindowsStandalone target not found
Native extension for WebGL target not found
Refreshing native plugins compatible for Editor in 0.56 ms, found 0 plugins.
Preloading 0 native plugins for Editor in 0.00 ms.
Invoked RoslynAnalysisRunner static constructor.
RoslynAnalysisRunner will not be running.
RoslynAnalysisRunner has terminated.
Mono: successfully reloaded assembly
- Completed reload, in  1.145 seconds
Platform modules already initialized, skipping
Refreshing native plugins compatible for Editor in 0.26 ms, found 0 plugins.
Preloading 0 native plugins for Editor in 0.00 ms.
Unloading 1118 Unused Serialized files (Serialized files now loaded: 0)
System memory in use before: 61.1 MB.
System memory in use after: 61.2 MB.

Unloading 4 unused Assets to reduce memory usage. Loaded Objects now: 1637.
Total: 2.358200 ms (FindLiveObjects: 0.201000 ms CreateObjectMapping: 0.033600 ms MarkObjects: 2.100800 ms  DeleteObjects: 0.020900 ms)

========================================================================
Received Import Request.
  Time since last request: 1057.018206 seconds.
  path: Assets/Scripts/MenuControlador.cs
  artifactKey: Guid(57f37875fb3254169897c961c3e9b62f) Importer(815301076,1909f56bfc062723c751e8b465ee728b)
Start importing Assets/Scripts/MenuControlador.cs using Guid(57f37875fb3254169897c961c3e9b62f) Importer(815301076,1909f56bfc062723c751e8b465ee728b)  -> (artifact id: '2edd91525e80b60db3d52d518a044d8e') in 0.016597 seconds
  Import took 0.030430 seconds .

========================================================================
Received Import Request.
  Time since last request: 2.963846 seconds.
  path: Assets/Scripts/MonedaControlador.cs
  artifactKey: Guid(04fc05d85df67448bbcbcf5df36419a0) Importer(815301076,1909f56bfc062723c751e8b465ee728b)
Start importing Assets/Scripts/MonedaControlador.cs using Guid(04fc05d85df67448bbcbcf5df36419a0) Importer(815301076,1909f56bfc062723c751e8b465ee728b)  -> (artifact id: '5b29231f9cbe97a2211659075e682285') in 0.013518 seconds
  Import took 0.038736 seconds .

========================================================================
Received Prepare
Registering precompiled user dll's ...
Registered in 0.000942 seconds.
Begin MonoManager ReloadAssembly
Native extension for WindowsStandalone target not found
Native extension for WebGL target not found
Refreshing native plugins compatible for Editor in 0.28 ms, found 0 plugins.
Preloading 0 native plugins for Editor in 0.00 ms.
Invoked RoslynAnalysisRunner static constructor.
RoslynAnalysisRunner will not be running.
RoslynAnalysisRunner has terminated.
Mono: successfully reloaded assembly
- Completed reload, in  1.126 seconds
Platform modules already initialized, skipping
Refreshing native plugins compatible for Editor in 0.30 ms, found 0 plugins.
Preloading 0 native plugins for Editor in 0.00 ms.
Unloading 1118 Unused Serialized files (Serialized files now loaded: 0)
System memory in use before: 61.1 MB.
System memory in use after: 61.2 MB.

Unloading 4 unused Assets to reduce memory usage. Loaded Objects now: 1640.
Total: 2.548400 ms (FindLiveObjects: 0.177200 ms CreateObjectMapping: 0.030700 ms MarkObjects: 2.320700 ms  DeleteObjects: 0.018200 ms)

========================================================================
Received Prepare
Registering precompiled user dll's ...
Registered in 0.001016 seconds.
Begin MonoManager ReloadAssembly
Native extension for WindowsStandalone target not found
Native extension for WebGL target not found
Refreshing native plugins compatible for Editor in 0.32 ms, found 0 plugins.
Preloading 0 native plugins for Editor in 0.00 ms.
Invoked RoslynAnalysisRunner static constructor.
RoslynAnalysisRunner will not be running.
RoslynAnalysisRunner has terminated.
Mono: successfully reloaded assembly
- Completed reload, in  1.120 seconds
Platform modules already initialized, skipping
Refreshing native plugins compatible for Editor in 0.26 ms, found 0 plugins.
Preloading 0 native plugins for Editor in 0.00 ms.
Unloading 1118 Unused Serialized files (Serialized files now loaded: 0)
System memory in use before: 61.1 MB.
System memory in use after: 61.2 MB.

Unloading 4 unused Assets to reduce memory usage. Loaded Objects now: 1643.
Total: 1.928400 ms (FindLiveObjects: 0.175500 ms CreateObjectMapping: 0.031700 ms MarkObjects: 1.702600 ms  DeleteObjects: 0.017400 ms)

