Using pre-set license
Built from '2020.3/release' branch; Version is '2020.3.2f1 (8fd9074bf66c) revision 9427207'; Using compiler version '192528614'; Build Type 'Release'
OS: 'Windows 8.1  (6.3.0) 64bit' Language: 'es' Physical Memory: 3993 MB
BatchMode: 1, IsHumanControllingUs: 0, StartBugReporterOnCrash: 0, Is64bit: 1, IsPro: 0

 COMMAND LINE ARGUMENTS:
C:\Program Files\Unity\Hub\Editor\2020.3.2f1\Editor\Unity.exe
-adb2
-batchMode
-noUpm
-name
AssetImportWorker0
-projectPath
C:/Users/Casanova/Epic Wheel
-logFile
Logs/AssetImportWorker0.log
-srvPort
49650
Successfully changed project path to: C:/Users/Casanova/Epic Wheel
C:/Users/Casanova/Epic Wheel
Using Asset Import Pipeline V2.
Refreshing native plugins compatible for Editor in 98.99 ms, found 0 plugins.
Preloading 0 native plugins for Editor in 0.00 ms.
Initialize engine version: 2020.3.2f1 (8fd9074bf66c)
[Subsystems] Discovering subsystems at path C:/Program Files/Unity/Hub/Editor/2020.3.2f1/Editor/Data/Resources/UnitySubsystems
[Subsystems] Discovering subsystems at path C:/Users/Casanova/Epic Wheel/Assets
GfxDevice: creating device client; threaded=0
d3d11: QueryInterface(IDXGIFactory5) failed (80004002).
Direct3D:
    Version:  Direct3D 11.0 [level 11.0]
    Renderer: Intel(R) HD Graphics (ID=0x156)
    Vendor:   
    VRAM:     1792 MB
    Driver:   10.18.10.5129
Initialize mono
Mono path[0] = 'C:/Program Files/Unity/Hub/Editor/2020.3.2f1/Editor/Data/Managed'
Mono path[1] = 'C:/Program Files/Unity/Hub/Editor/2020.3.2f1/Editor/Data/MonoBleedingEdge/lib/mono/unityjit'
Mono config path = 'C:/Program Files/Unity/Hub/Editor/2020.3.2f1/Editor/Data/MonoBleedingEdge/etc'
Using monoOptions --debugger-agent=transport=dt_socket,embedding=1,server=y,suspend=n,address=127.0.0.1:56104
Begin MonoManager ReloadAssembly
Registering precompiled unity dll's ...
Register platform support module: C:/Program Files/Unity/Hub/Editor/2020.3.2f1/Editor/Data/PlaybackEngines/WindowsStandaloneSupport/UnityEditor.WindowsStandalone.Extensions.dll
Registered in 0.002361 seconds.
Native extension for WindowsStandalone target not found
Refreshing native plugins compatible for Editor in 56.01 ms, found 0 plugins.
Preloading 0 native plugins for Editor in 0.00 ms.
Invoked RoslynAnalysisRunner static constructor.
RoslynAnalysisRunner will not be running.
RoslynAnalysisRunner has terminated.
Mono: successfully reloaded assembly
- Completed reload, in  2.040 seconds
Platform modules already initialized, skipping
Registering precompiled user dll's ...
Registered in 0.001021 seconds.
Begin MonoManager ReloadAssembly
Native extension for WindowsStandalone target not found
Refreshing native plugins compatible for Editor in 0.39 ms, found 0 plugins.
Preloading 0 native plugins for Editor in 0.00 ms.
Invoked RoslynAnalysisRunner static constructor.
RoslynAnalysisRunner will not be running.
RoslynAnalysisRunner has terminated.
Mono: successfully reloaded assembly
- Completed reload, in  6.788 seconds
Platform modules already initialized, skipping
========================================================================
Worker process is ready to serve import requests
Launched and connected shader compiler UnityShaderCompiler.exe after 0.03 seconds
Refreshing native plugins compatible for Editor in 0.33 ms, found 0 plugins.
Preloading 0 native plugins for Editor in 0.00 ms.
Unloading 1115 Unused Serialized files (Serialized files now loaded: 0)
System memory in use before: 57.2 MB.
System memory in use after: 57.2 MB.

Unloading 10 unused Assets to reduce memory usage. Loaded Objects now: 1557.
Total: 3.189711 ms (FindLiveObjects: 0.206886 ms CreateObjectMapping: 0.092909 ms MarkObjects: 2.724083 ms  DeleteObjects: 0.164212 ms)

========================================================================
Received Import Request.
  path: Assets/Scenes/Nivel 1.unity
  artifactKey: Guid(9fc0d4010bbf28b4594072e72b8655ab) Importer(815301076,1909f56bfc062723c751e8b465ee728b)
Start importing Assets/Scenes/Nivel 1.unity using Guid(9fc0d4010bbf28b4594072e72b8655ab) Importer(815301076,1909f56bfc062723c751e8b465ee728b)  -> (artifact id: 'b7a5a4ea9ab09b5d0ef0f615ead61573') in 0.086952 seconds
  Import took 0.093054 seconds .

========================================================================
Received Prepare
Registering precompiled user dll's ...
Registered in 0.001227 seconds.
Begin MonoManager ReloadAssembly
Native extension for WindowsStandalone target not found
Refreshing native plugins compatible for Editor in 0.33 ms, found 0 plugins.
Preloading 0 native plugins for Editor in 0.00 ms.
Invoked RoslynAnalysisRunner static constructor.
RoslynAnalysisRunner will not be running.
RoslynAnalysisRunner has terminated.
Mono: successfully reloaded assembly
- Completed reload, in  1.566 seconds
Platform modules already initialized, skipping
Refreshing native plugins compatible for Editor in 0.47 ms, found 0 plugins.
Preloading 0 native plugins for Editor in 0.00 ms.
Unloading 1110 Unused Serialized files (Serialized files now loaded: 0)
System memory in use before: 57.1 MB.
System memory in use after: 57.2 MB.

Unloading 5 unused Assets to reduce memory usage. Loaded Objects now: 1560.
Total: 3.291263 ms (FindLiveObjects: 0.246318 ms CreateObjectMapping: 0.115597 ms MarkObjects: 2.811591 ms  DeleteObjects: 0.113976 ms)

========================================================================
Received Import Request.
  Time since last request: 12325.918242 seconds.
  path: Assets
  artifactKey: Guid(00000000000000001000000000000000) Importer(815301076,1909f56bfc062723c751e8b465ee728b)
Start importing Assets using Guid(00000000000000001000000000000000) Importer(815301076,1909f56bfc062723c751e8b465ee728b)  -> (artifact id: '819a33a9bd799f71faca6db75e8a216c') in 0.063763 seconds
  Import took 0.085328 seconds .

========================================================================
Received Import Request.
  Time since last request: 27.928413 seconds.
  path: Assets/Decoracion
  artifactKey: Guid(94d7536974ba43e458f5a3285d489b7a) Importer(815301076,1909f56bfc062723c751e8b465ee728b)
Start importing Assets/Decoracion using Guid(94d7536974ba43e458f5a3285d489b7a) Importer(815301076,1909f56bfc062723c751e8b465ee728b)  -> (artifact id: 'f2b481048eae51b085a2a418824309da') in 0.041832 seconds
  Import took 0.055852 seconds .

========================================================================
Received Import Request.
  Time since last request: 131.630316 seconds.
  path: Assets/Decoracion/archive
  artifactKey: Guid(e1e4e28f1e892d6488782dc87037afa5) Importer(815301076,1909f56bfc062723c751e8b465ee728b)
Start importing Assets/Decoracion/archive using Guid(e1e4e28f1e892d6488782dc87037afa5) Importer(815301076,1909f56bfc062723c751e8b465ee728b)  -> (artifact id: '6bed9f4be9c3940bf45368008ec61a5a') in 0.019143 seconds
  Import took 0.041767 seconds .

========================================================================
Received Import Request.
  Time since last request: 0.089710 seconds.
  path: Assets/Decoracion/archive/Moon_1226.obj
  artifactKey: Guid(669e13d06963ca146a7c98265b1bfb85) Importer(815301076,1909f56bfc062723c751e8b465ee728b)
Start importing Assets/Decoracion/archive/Moon_1226.obj using Guid(669e13d06963ca146a7c98265b1bfb85) Importer(815301076,1909f56bfc062723c751e8b465ee728b)  -> (artifact id: 'ed5baca2265869fdd04441723eacd1ab') in 0.848688 seconds
  Import took 0.868043 seconds .

========================================================================
Received Prepare
Registering precompiled user dll's ...
Registered in 0.000963 seconds.
Begin MonoManager ReloadAssembly
Native extension for WindowsStandalone target not found
Refreshing native plugins compatible for Editor in 0.35 ms, found 0 plugins.
Preloading 0 native plugins for Editor in 0.00 ms.
Invoked RoslynAnalysisRunner static constructor.
RoslynAnalysisRunner will not be running.
RoslynAnalysisRunner has terminated.
Mono: successfully reloaded assembly
- Completed reload, in  2.111 seconds
Platform modules already initialized, skipping
Refreshing native plugins compatible for Editor in 0.33 ms, found 0 plugins.
Preloading 0 native plugins for Editor in 0.00 ms.
Unloading 1110 Unused Serialized files (Serialized files now loaded: 0)
System memory in use before: 60.6 MB.
System memory in use after: 60.7 MB.

Unloading 5 unused Assets to reduce memory usage. Loaded Objects now: 1606.
Total: 3.339878 ms (FindLiveObjects: 0.214448 ms CreateObjectMapping: 0.104253 ms MarkObjects: 2.905581 ms  DeleteObjects: 0.111815 ms)

========================================================================
Received Import Request.
  Time since last request: 4241.992499 seconds.
  path: Assets/Decoracion/archive/tronco
  artifactKey: Guid(662d795d521bb9b4e8f07e5c452ff1a2) Importer(815301076,1909f56bfc062723c751e8b465ee728b)
Start importing Assets/Decoracion/archive/tronco using Guid(662d795d521bb9b4e8f07e5c452ff1a2) Importer(815301076,1909f56bfc062723c751e8b465ee728b)  -> (artifact id: '1ffe9668b69da482f0607b5086026976') in 1.966274 seconds
  Import took 2.339791 seconds .

========================================================================
Received Import Request.
  Time since last request: 19.408936 seconds.
  path: Assets/Decoracion/tronco
  artifactKey: Guid(7d27bd37bf0ad344699c941d0ab7cad8) Importer(815301076,1909f56bfc062723c751e8b465ee728b)
Start importing Assets/Decoracion/tronco using Guid(7d27bd37bf0ad344699c941d0ab7cad8) Importer(815301076,1909f56bfc062723c751e8b465ee728b)  -> (artifact id: '4f00165da87f2cbf483da047aa48897f') in 0.024272 seconds
  Import took 0.060117 seconds .

========================================================================
Received Import Request.
  Time since last request: 0.000270 seconds.
  path: Assets/Decoracion/tronco/PUSHILIN_log.obj
  artifactKey: Guid(ff88008f9e84fe343b0cc2eb36f9375c) Importer(815301076,1909f56bfc062723c751e8b465ee728b)
Start importing Assets/Decoracion/tronco/PUSHILIN_log.obj using Guid(ff88008f9e84fe343b0cc2eb36f9375c) Importer(815301076,1909f56bfc062723c751e8b465ee728b)  -> (artifact id: 'dc5fb22e1fec1f68c6ae56095f3c21f3') in 15.522667 seconds
  Import took 15.580992 seconds .

========================================================================
Received Import Request.
  Time since last request: 0.000400 seconds.
  path: Assets/Decoracion/tronco/PUSHILIN_log.png
  artifactKey: Guid(dbcc4af2a520ae84eb55ac5973e894ec) Importer(815301076,1909f56bfc062723c751e8b465ee728b)
Start importing Assets/Decoracion/tronco/PUSHILIN_log.png using Guid(dbcc4af2a520ae84eb55ac5973e894ec) Importer(815301076,1909f56bfc062723c751e8b465ee728b)  -> (artifact id: '767a5152df0d9d341b1f757bcf0900e6') in 0.621677 seconds
  Import took 0.626675 seconds .

========================================================================
Received Import Request.
  Time since last request: 448.596985 seconds.
  path: Assets/Decoracion/pino
  artifactKey: Guid(c70d5effafd9f7a40a44f70632164d06) Importer(815301076,1909f56bfc062723c751e8b465ee728b)
Start importing Assets/Decoracion/pino using Guid(c70d5effafd9f7a40a44f70632164d06) Importer(815301076,1909f56bfc062723c751e8b465ee728b)  -> (artifact id: '9c0dc7efe05454eb68888b721a99ea7e') in 0.078112 seconds
  Import took 0.099438 seconds .

========================================================================
Received Import Request.
  Time since last request: 0.833468 seconds.
  path: Assets/Decoracion/pino/model.obj
  artifactKey: Guid(856a498787b247e48b36d43d0ba9af39) Importer(815301076,1909f56bfc062723c751e8b465ee728b)
Start importing Assets/Decoracion/pino/model.obj using Guid(856a498787b247e48b36d43d0ba9af39) Importer(815301076,1909f56bfc062723c751e8b465ee728b)  -> (artifact id: 'acd2a5a5e8e755dfdc075c057fff36f0') in 0.435211 seconds
  Import took 0.473074 seconds .

